0 info it worked if it ends with ok
1 verbose cli [ 'C:\\Program Files\\nodejs\\node.exe',
1 verbose cli   'C:\\Program Files\\nodejs\\node_modules\\npm\\bin\\npm-cli.js',
1 verbose cli   'link' ]
2 info using npm@3.8.9
3 info using node@v6.2.0
4 verbose linkPkg D:\hexlet\projects\jpeg-to-text
5 silly gentlyRm C:\Users\User\AppData\Roaming\npm\node_modules\jpeg-to-text is being purged
6 verbose gentlyRm don't care about contents; nuking C:\Users\User\AppData\Roaming\npm\node_modules\jpeg-to-text
7 verbose link build target C:\Users\User\AppData\Roaming\npm\node_modules\jpeg-to-text
8 silly loadCurrentTree Starting
9 silly install loadCurrentTree
10 silly install readLocalPackageData
11 silly install normalizeTree
12 silly loadCurrentTree Finishing
13 silly loadIdealTree Starting
14 silly install loadIdealTree
15 silly cloneCurrentTree Starting
16 silly install cloneCurrentTreeToIdealTree
17 silly cloneCurrentTree Finishing
18 silly loadShrinkwrap Starting
19 silly install loadShrinkwrap
20 silly loadShrinkwrap Finishing
21 silly loadAllDepsIntoIdealTree Starting
22 silly install loadAllDepsIntoIdealTree
23 silly fetchNamedPackageData fsevents
24 silly mapToRegistry name fsevents
25 silly mapToRegistry using default registry
26 silly mapToRegistry registry https://registry.npmjs.org/
27 silly mapToRegistry data Result {
27 silly mapToRegistry   raw: 'fsevents',
27 silly mapToRegistry   scope: null,
27 silly mapToRegistry   name: 'fsevents',
27 silly mapToRegistry   rawSpec: '',
27 silly mapToRegistry   spec: 'latest',
27 silly mapToRegistry   type: 'tag' }
28 silly mapToRegistry uri https://registry.npmjs.org/fsevents
29 verbose request uri https://registry.npmjs.org/fsevents
30 verbose request no auth needed
31 info attempt registry request try #1 at 22:41:38
32 verbose request id 65ada4c81e33e562
33 verbose etag W/"58aa7c0d-d5c0"
34 verbose lastModified Mon, 20 Feb 2017 05:18:05 GMT
35 http request GET https://registry.npmjs.org/fsevents
36 http 304 https://registry.npmjs.org/fsevents
37 verbose headers { date: 'Tue, 21 Feb 2017 17:41:43 GMT',
37 verbose headers   via: '1.1 varnish',
37 verbose headers   'cache-control': 'max-age=300',
37 verbose headers   etag: 'W/"58aa7c0d-d5c0"',
37 verbose headers   age: '74',
37 verbose headers   connection: 'keep-alive',
37 verbose headers   'x-served-by': 'cache-bma7029-BMA',
37 verbose headers   'x-cache': 'HIT',
37 verbose headers   'x-cache-hits': '5',
37 verbose headers   'x-timer': 'S1487698903.307855,VS0,VE0',
37 verbose headers   vary: 'Accept-Encoding' }
38 silly get cb [ 304,
38 silly get   { date: 'Tue, 21 Feb 2017 17:41:43 GMT',
38 silly get     via: '1.1 varnish',
38 silly get     'cache-control': 'max-age=300',
38 silly get     etag: 'W/"58aa7c0d-d5c0"',
38 silly get     age: '74',
38 silly get     connection: 'keep-alive',
38 silly get     'x-served-by': 'cache-bma7029-BMA',
38 silly get     'x-cache': 'HIT',
38 silly get     'x-cache-hits': '5',
38 silly get     'x-timer': 'S1487698903.307855,VS0,VE0',
38 silly get     vary: 'Accept-Encoding' } ]
39 verbose etag https://registry.npmjs.org/fsevents from cache
40 verbose get saving fsevents to C:\Users\User\AppData\Roaming\npm-cache\registry.npmjs.org\fsevents\.cache.json
41 verbose correctMkdir C:\Users\User\AppData\Roaming\npm-cache correctMkdir not in flight; initializing
42 silly resolveWithNewModule fsevents@1.1.1 checking installable status
43 silly loadAllDepsIntoIdealTree Finishing
44 silly idealTree:prePrune jpeg-to-text@0.0.1
44 silly idealTree:prePrune +-- abab@1.0.3
44 silly idealTree:prePrune +-- acorn-globals@3.1.0
44 silly idealTree:prePrune +-- acorn-jsx@3.0.1
44 silly idealTree:prePrune | `-- acorn@3.3.0
44 silly idealTree:prePrune +-- acorn@4.0.4
44 silly idealTree:prePrune +-- ajv-keywords@1.5.1
44 silly idealTree:prePrune +-- ajv@4.11.3
44 silly idealTree:prePrune +-- align-text@0.1.4
44 silly idealTree:prePrune +-- amdefine@1.0.1
44 silly idealTree:prePrune +-- ansi-escapes@1.4.0
44 silly idealTree:prePrune +-- ansi-regex@2.1.1
44 silly idealTree:prePrune +-- ansi-styles@2.2.1
44 silly idealTree:prePrune +-- any-promise@1.3.0
44 silly idealTree:prePrune +-- anymatch@1.3.0
44 silly idealTree:prePrune +-- append-transform@0.4.0
44 silly idealTree:prePrune +-- argparse@1.0.9
44 silly idealTree:prePrune +-- arr-diff@2.0.0
44 silly idealTree:prePrune +-- arr-flatten@1.0.1
44 silly idealTree:prePrune +-- array-equal@1.0.0
44 silly idealTree:prePrune +-- array-union@1.0.2
44 silly idealTree:prePrune +-- array-uniq@1.0.3
44 silly idealTree:prePrune +-- array-unique@0.2.1
44 silly idealTree:prePrune +-- arrify@1.0.1
44 silly idealTree:prePrune +-- asn1@0.2.3
44 silly idealTree:prePrune +-- assert-plus@0.2.0
44 silly idealTree:prePrune +-- async-each@1.0.1
44 silly idealTree:prePrune +-- async@2.1.5
44 silly idealTree:prePrune +-- asynckit@0.4.0
44 silly idealTree:prePrune +-- aws-sign2@0.6.0
44 silly idealTree:prePrune +-- aws4@1.6.0
44 silly idealTree:prePrune +-- babel-cli@6.23.0
44 silly idealTree:prePrune +-- babel-code-frame@6.22.0
44 silly idealTree:prePrune +-- babel-core@6.23.1
44 silly idealTree:prePrune +-- babel-eslint@7.1.1
44 silly idealTree:prePrune +-- babel-generator@6.23.0
44 silly idealTree:prePrune +-- babel-helper-bindify-decorators@6.22.0
44 silly idealTree:prePrune +-- babel-helper-builder-binary-assignment-operator-visitor@6.22.0
44 silly idealTree:prePrune +-- babel-helper-call-delegate@6.22.0
44 silly idealTree:prePrune +-- babel-helper-define-map@6.23.0
44 silly idealTree:prePrune +-- babel-helper-explode-assignable-expression@6.22.0
44 silly idealTree:prePrune +-- babel-helper-explode-class@6.22.0
44 silly idealTree:prePrune +-- babel-helper-function-name@6.23.0
44 silly idealTree:prePrune +-- babel-helper-get-function-arity@6.22.0
44 silly idealTree:prePrune +-- babel-helper-hoist-variables@6.22.0
44 silly idealTree:prePrune +-- babel-helper-optimise-call-expression@6.23.0
44 silly idealTree:prePrune +-- babel-helper-regex@6.22.0
44 silly idealTree:prePrune +-- babel-helper-remap-async-to-generator@6.22.0
44 silly idealTree:prePrune +-- babel-helper-replace-supers@6.23.0
44 silly idealTree:prePrune +-- babel-helpers@6.23.0
44 silly idealTree:prePrune +-- babel-jest@19.0.0
44 silly idealTree:prePrune +-- babel-messages@6.23.0
44 silly idealTree:prePrune +-- babel-plugin-check-es2015-constants@6.22.0
44 silly idealTree:prePrune +-- babel-plugin-istanbul@4.0.0
44 silly idealTree:prePrune | `-- find-up@2.1.0
44 silly idealTree:prePrune +-- babel-plugin-jest-hoist@19.0.0
44 silly idealTree:prePrune +-- babel-plugin-syntax-async-functions@6.13.0
44 silly idealTree:prePrune +-- babel-plugin-syntax-async-generators@6.13.0
44 silly idealTree:prePrune +-- babel-plugin-syntax-class-constructor-call@6.18.0
44 silly idealTree:prePrune +-- babel-plugin-syntax-class-properties@6.13.0
44 silly idealTree:prePrune +-- babel-plugin-syntax-decorators@6.13.0
44 silly idealTree:prePrune +-- babel-plugin-syntax-do-expressions@6.13.0
44 silly idealTree:prePrune +-- babel-plugin-syntax-dynamic-import@6.18.0
44 silly idealTree:prePrune +-- babel-plugin-syntax-exponentiation-operator@6.13.0
44 silly idealTree:prePrune +-- babel-plugin-syntax-export-extensions@6.13.0
44 silly idealTree:prePrune +-- babel-plugin-syntax-flow@6.18.0
44 silly idealTree:prePrune +-- babel-plugin-syntax-function-bind@6.13.0
44 silly idealTree:prePrune +-- babel-plugin-syntax-object-rest-spread@6.13.0
44 silly idealTree:prePrune +-- babel-plugin-syntax-trailing-function-commas@6.22.0
44 silly idealTree:prePrune +-- babel-plugin-transform-async-generator-functions@6.22.0
44 silly idealTree:prePrune +-- babel-plugin-transform-async-to-generator@6.22.0
44 silly idealTree:prePrune +-- babel-plugin-transform-class-constructor-call@6.22.0
44 silly idealTree:prePrune +-- babel-plugin-transform-class-properties@6.23.0
44 silly idealTree:prePrune +-- babel-plugin-transform-decorators@6.22.0
44 silly idealTree:prePrune +-- babel-plugin-transform-do-expressions@6.22.0
44 silly idealTree:prePrune +-- babel-plugin-transform-es2015-arrow-functions@6.22.0
44 silly idealTree:prePrune +-- babel-plugin-transform-es2015-block-scoped-functions@6.22.0
44 silly idealTree:prePrune +-- babel-plugin-transform-es2015-block-scoping@6.23.0
44 silly idealTree:prePrune +-- babel-plugin-transform-es2015-classes@6.23.0
44 silly idealTree:prePrune +-- babel-plugin-transform-es2015-computed-properties@6.22.0
44 silly idealTree:prePrune +-- babel-plugin-transform-es2015-destructuring@6.23.0
44 silly idealTree:prePrune +-- babel-plugin-transform-es2015-duplicate-keys@6.22.0
44 silly idealTree:prePrune +-- babel-plugin-transform-es2015-for-of@6.23.0
44 silly idealTree:prePrune +-- babel-plugin-transform-es2015-function-name@6.22.0
44 silly idealTree:prePrune +-- babel-plugin-transform-es2015-literals@6.22.0
44 silly idealTree:prePrune +-- babel-plugin-transform-es2015-modules-amd@6.22.0
44 silly idealTree:prePrune +-- babel-plugin-transform-es2015-modules-commonjs@6.23.0
44 silly idealTree:prePrune +-- babel-plugin-transform-es2015-modules-systemjs@6.23.0
44 silly idealTree:prePrune +-- babel-plugin-transform-es2015-modules-umd@6.23.0
44 silly idealTree:prePrune +-- babel-plugin-transform-es2015-object-super@6.22.0
44 silly idealTree:prePrune +-- babel-plugin-transform-es2015-parameters@6.23.0
44 silly idealTree:prePrune +-- babel-plugin-transform-es2015-shorthand-properties@6.22.0
44 silly idealTree:prePrune +-- babel-plugin-transform-es2015-spread@6.22.0
44 silly idealTree:prePrune +-- babel-plugin-transform-es2015-sticky-regex@6.22.0
44 silly idealTree:prePrune +-- babel-plugin-transform-es2015-template-literals@6.22.0
44 silly idealTree:prePrune +-- babel-plugin-transform-es2015-typeof-symbol@6.23.0
44 silly idealTree:prePrune +-- babel-plugin-transform-es2015-unicode-regex@6.22.0
44 silly idealTree:prePrune +-- babel-plugin-transform-exponentiation-operator@6.22.0
44 silly idealTree:prePrune +-- babel-plugin-transform-export-extensions@6.22.0
44 silly idealTree:prePrune +-- babel-plugin-transform-flow-strip-types@6.22.0
44 silly idealTree:prePrune +-- babel-plugin-transform-function-bind@6.22.0
44 silly idealTree:prePrune +-- babel-plugin-transform-object-rest-spread@6.23.0
44 silly idealTree:prePrune +-- babel-plugin-transform-regenerator@6.22.0
44 silly idealTree:prePrune +-- babel-plugin-transform-runtime@6.23.0
44 silly idealTree:prePrune +-- babel-plugin-transform-strict-mode@6.22.0
44 silly idealTree:prePrune +-- babel-polyfill@6.23.0
44 silly idealTree:prePrune +-- babel-preset-env@1.1.8
44 silly idealTree:prePrune +-- babel-preset-jest@19.0.0
44 silly idealTree:prePrune +-- babel-preset-stage-0@6.22.0
44 silly idealTree:prePrune +-- babel-preset-stage-1@6.22.0
44 silly idealTree:prePrune +-- babel-preset-stage-2@6.22.0
44 silly idealTree:prePrune +-- babel-preset-stage-3@6.22.0
44 silly idealTree:prePrune +-- babel-register@6.23.0
44 silly idealTree:prePrune +-- babel-runtime@6.23.0
44 silly idealTree:prePrune +-- babel-template@6.23.0
44 silly idealTree:prePrune +-- babel-traverse@6.23.1
44 silly idealTree:prePrune +-- babel-types@6.23.0
44 silly idealTree:prePrune +-- babylon@6.15.0
44 silly idealTree:prePrune +-- balanced-match@0.4.2
44 silly idealTree:prePrune +-- bcrypt-pbkdf@1.0.1
44 silly idealTree:prePrune +-- binary-extensions@1.8.0
44 silly idealTree:prePrune +-- bluebird@3.4.7
44 silly idealTree:prePrune +-- boom@2.10.1
44 silly idealTree:prePrune +-- brace-expansion@1.1.6
44 silly idealTree:prePrune +-- braces@1.8.5
44 silly idealTree:prePrune +-- browser-resolve@1.11.2
44 silly idealTree:prePrune | `-- resolve@1.1.7
44 silly idealTree:prePrune +-- browserslist@1.7.4
44 silly idealTree:prePrune +-- bser@2.0.0
44 silly idealTree:prePrune +-- buffer-shims@1.0.0
44 silly idealTree:prePrune +-- builtin-modules@1.1.1
44 silly idealTree:prePrune +-- caller-path@0.1.0
44 silly idealTree:prePrune +-- callsites@0.2.0
44 silly idealTree:prePrune +-- camelcase@3.0.0
44 silly idealTree:prePrune +-- caniuse-db@1.0.30000624
44 silly idealTree:prePrune +-- caseless@0.11.0
44 silly idealTree:prePrune +-- center-align@0.1.3
44 silly idealTree:prePrune +-- chalk@1.1.3
44 silly idealTree:prePrune +-- charenc@0.0.2
44 silly idealTree:prePrune +-- chokidar@1.6.1
44 silly idealTree:prePrune +-- ci-info@1.0.0
44 silly idealTree:prePrune +-- circular-json@0.3.1
44 silly idealTree:prePrune +-- cli-cursor@1.0.2
44 silly idealTree:prePrune +-- cli-width@2.1.0
44 silly idealTree:prePrune +-- cliui@3.2.0
44 silly idealTree:prePrune +-- co@4.6.0
44 silly idealTree:prePrune +-- code-point-at@1.1.0
44 silly idealTree:prePrune +-- color-convert@1.9.0
44 silly idealTree:prePrune +-- color-name@1.1.1
44 silly idealTree:prePrune +-- colors@1.1.2
44 silly idealTree:prePrune +-- combined-stream@1.0.5
44 silly idealTree:prePrune +-- commander@2.9.0
44 silly idealTree:prePrune +-- concat-map@0.0.1
44 silly idealTree:prePrune +-- concat-stream@1.6.0
44 silly idealTree:prePrune +-- contains-path@0.1.0
44 silly idealTree:prePrune +-- content-type-parser@1.0.1
44 silly idealTree:prePrune +-- convert-source-map@1.4.0
44 silly idealTree:prePrune +-- core-js@2.4.1
44 silly idealTree:prePrune +-- core-util-is@1.0.2
44 silly idealTree:prePrune +-- crypt@0.0.2
44 silly idealTree:prePrune +-- cryptiles@2.0.5
44 silly idealTree:prePrune +-- cssom@0.3.2
44 silly idealTree:prePrune +-- cssstyle@0.2.37
44 silly idealTree:prePrune +-- d@0.1.1
44 silly idealTree:prePrune +-- dashdash@1.14.1
44 silly idealTree:prePrune | `-- assert-plus@1.0.0
44 silly idealTree:prePrune +-- debug@2.6.1
44 silly idealTree:prePrune +-- decamelize@1.2.0
44 silly idealTree:prePrune +-- deep-is@0.1.3
44 silly idealTree:prePrune +-- default-require-extensions@1.0.0
44 silly idealTree:prePrune | `-- strip-bom@2.0.0
44 silly idealTree:prePrune +-- del@2.2.2
44 silly idealTree:prePrune +-- delayed-stream@1.0.0
44 silly idealTree:prePrune +-- detect-indent@4.0.0
44 silly idealTree:prePrune +-- diff@3.2.0
44 silly idealTree:prePrune +-- doctrine@1.5.0
44 silly idealTree:prePrune +-- ecc-jsbn@0.1.1
44 silly idealTree:prePrune +-- electron-to-chromium@1.2.2
44 silly idealTree:prePrune +-- errno@0.1.4
44 silly idealTree:prePrune +-- error-ex@1.3.0
44 silly idealTree:prePrune +-- es5-ext@0.10.12
44 silly idealTree:prePrune +-- es6-iterator@2.0.0
44 silly idealTree:prePrune +-- es6-map@0.1.4
44 silly idealTree:prePrune +-- es6-set@0.1.4
44 silly idealTree:prePrune +-- es6-symbol@3.1.0
44 silly idealTree:prePrune +-- es6-weak-map@2.0.1
44 silly idealTree:prePrune +-- escape-string-regexp@1.0.5
44 silly idealTree:prePrune +-- escodegen@1.8.1
44 silly idealTree:prePrune | +-- esprima@2.7.3
44 silly idealTree:prePrune | +-- estraverse@1.9.3
44 silly idealTree:prePrune | `-- source-map@0.2.0
44 silly idealTree:prePrune +-- escope@3.6.0
44 silly idealTree:prePrune +-- eslint-config-airbnb-base@11.1.0
44 silly idealTree:prePrune +-- eslint-config-airbnb@14.1.0
44 silly idealTree:prePrune +-- eslint-import-resolver-node@0.2.3
44 silly idealTree:prePrune +-- eslint-module-utils@2.0.0
44 silly idealTree:prePrune | +-- debug@2.2.0
44 silly idealTree:prePrune | `-- ms@0.7.1
44 silly idealTree:prePrune +-- eslint-plugin-flowtype@2.30.0
44 silly idealTree:prePrune +-- eslint-plugin-import@2.2.0
44 silly idealTree:prePrune +-- eslint@3.16.0
44 silly idealTree:prePrune | `-- user-home@2.0.0
44 silly idealTree:prePrune +-- espree@3.4.0
44 silly idealTree:prePrune +-- esprima@3.1.3
44 silly idealTree:prePrune +-- esrecurse@4.1.0
44 silly idealTree:prePrune | `-- estraverse@4.1.1
44 silly idealTree:prePrune +-- estraverse@4.2.0
44 silly idealTree:prePrune +-- esutils@2.0.2
44 silly idealTree:prePrune +-- event-emitter@0.3.4
44 silly idealTree:prePrune +-- exec-sh@0.2.0
44 silly idealTree:prePrune +-- exit-hook@1.1.1
44 silly idealTree:prePrune +-- expand-brackets@0.1.5
44 silly idealTree:prePrune +-- expand-range@1.8.2
44 silly idealTree:prePrune +-- extend@3.0.0
44 silly idealTree:prePrune +-- extglob@0.3.2
44 silly idealTree:prePrune +-- extsprintf@1.0.2
44 silly idealTree:prePrune +-- fast-levenshtein@2.0.6
44 silly idealTree:prePrune +-- fb-watchman@2.0.0
44 silly idealTree:prePrune +-- figures@1.7.0
44 silly idealTree:prePrune +-- file-entry-cache@2.0.0
44 silly idealTree:prePrune +-- filename-regex@2.0.0
44 silly idealTree:prePrune +-- fileset@2.0.3
44 silly idealTree:prePrune +-- fill-range@2.2.3
44 silly idealTree:prePrune +-- find-up@1.1.2
44 silly idealTree:prePrune +-- flat-cache@1.2.2
44 silly idealTree:prePrune +-- flow-bin@0.39.0
44 silly idealTree:prePrune +-- flow-typed@2.0.0
44 silly idealTree:prePrune | +-- rx-lite@4.0.8
44 silly idealTree:prePrune | `-- table@3.7.8
44 silly idealTree:prePrune +-- for-in@0.1.6
44 silly idealTree:prePrune +-- for-own@0.1.4
44 silly idealTree:prePrune +-- forever-agent@0.6.1
44 silly idealTree:prePrune +-- form-data@2.1.2
44 silly idealTree:prePrune +-- fs-readdir-recursive@1.0.0
44 silly idealTree:prePrune +-- fs.realpath@1.0.0
44 silly idealTree:prePrune +-- function-bind@1.1.0
44 silly idealTree:prePrune +-- generate-function@2.0.0
44 silly idealTree:prePrune +-- generate-object-property@1.2.0
44 silly idealTree:prePrune +-- get-caller-file@1.0.2
44 silly idealTree:prePrune +-- getpass@0.1.6
44 silly idealTree:prePrune | `-- assert-plus@1.0.0
44 silly idealTree:prePrune +-- github@0.2.4
44 silly idealTree:prePrune +-- glob-base@0.3.0
44 silly idealTree:prePrune +-- glob-parent@2.0.0
44 silly idealTree:prePrune +-- glob@7.1.1
44 silly idealTree:prePrune +-- globals@9.16.0
44 silly idealTree:prePrune +-- globby@5.0.0
44 silly idealTree:prePrune +-- graceful-fs@4.1.11
44 silly idealTree:prePrune +-- graceful-readlink@1.0.1
44 silly idealTree:prePrune +-- growly@1.3.0
44 silly idealTree:prePrune +-- handlebars@4.0.6
44 silly idealTree:prePrune | +-- async@1.5.2
44 silly idealTree:prePrune | `-- source-map@0.4.4
44 silly idealTree:prePrune +-- har-validator@2.0.6
44 silly idealTree:prePrune +-- has-ansi@2.0.0
44 silly idealTree:prePrune +-- has-flag@1.0.0
44 silly idealTree:prePrune +-- has@1.0.1
44 silly idealTree:prePrune +-- hawk@3.1.3
44 silly idealTree:prePrune +-- hoek@2.16.3
44 silly idealTree:prePrune +-- home-or-tmp@2.0.0
44 silly idealTree:prePrune +-- hosted-git-info@2.2.0
44 silly idealTree:prePrune +-- html-encoding-sniffer@1.0.1
44 silly idealTree:prePrune +-- http-signature@1.1.1
44 silly idealTree:prePrune +-- iconv-lite@0.4.13
44 silly idealTree:prePrune +-- ignore@3.2.4
44 silly idealTree:prePrune +-- imurmurhash@0.1.4
44 silly idealTree:prePrune +-- inflight@1.0.6
44 silly idealTree:prePrune +-- inherits@2.0.3
44 silly idealTree:prePrune +-- ini@1.3.4
44 silly idealTree:prePrune +-- inquirer@0.12.0
44 silly idealTree:prePrune +-- interpret@1.0.1
44 silly idealTree:prePrune +-- invariant@2.2.2
44 silly idealTree:prePrune +-- invert-kv@1.0.0
44 silly idealTree:prePrune +-- is-arrayish@0.2.1
44 silly idealTree:prePrune +-- is-binary-path@1.0.1
44 silly idealTree:prePrune +-- is-buffer@1.1.4
44 silly idealTree:prePrune +-- is-builtin-module@1.0.0
44 silly idealTree:prePrune +-- is-ci@1.0.10
44 silly idealTree:prePrune +-- is-dotfile@1.0.2
44 silly idealTree:prePrune +-- is-equal-shallow@0.1.3
44 silly idealTree:prePrune +-- is-extendable@0.1.1
44 silly idealTree:prePrune +-- is-extglob@1.0.0
44 silly idealTree:prePrune +-- is-finite@1.0.2
44 silly idealTree:prePrune +-- is-fullwidth-code-point@1.0.0
44 silly idealTree:prePrune +-- is-glob@2.0.1
44 silly idealTree:prePrune +-- is-my-json-valid@2.15.0
44 silly idealTree:prePrune +-- is-number@2.1.0
44 silly idealTree:prePrune +-- is-path-cwd@1.0.0
44 silly idealTree:prePrune +-- is-path-in-cwd@1.0.0
44 silly idealTree:prePrune +-- is-path-inside@1.0.0
44 silly idealTree:prePrune +-- is-posix-bracket@0.1.1
44 silly idealTree:prePrune +-- is-primitive@2.0.0
44 silly idealTree:prePrune +-- is-property@1.0.2
44 silly idealTree:prePrune +-- is-resolvable@1.0.0
44 silly idealTree:prePrune +-- is-typedarray@1.0.0
44 silly idealTree:prePrune +-- is-utf8@0.2.1
44 silly idealTree:prePrune +-- isarray@1.0.0
44 silly idealTree:prePrune +-- isexe@1.1.2
44 silly idealTree:prePrune +-- isobject@2.1.0
44 silly idealTree:prePrune +-- isstream@0.1.2
44 silly idealTree:prePrune +-- istanbul-api@1.1.1
44 silly idealTree:prePrune +-- istanbul-lib-coverage@1.0.1
44 silly idealTree:prePrune +-- istanbul-lib-hook@1.0.0
44 silly idealTree:prePrune +-- istanbul-lib-instrument@1.4.2
44 silly idealTree:prePrune +-- istanbul-lib-report@1.0.0-alpha.3
44 silly idealTree:prePrune | +-- async@1.5.2
44 silly idealTree:prePrune | `-- supports-color@3.2.3
44 silly idealTree:prePrune +-- istanbul-lib-source-maps@1.1.0
44 silly idealTree:prePrune +-- istanbul-reports@1.0.1
44 silly idealTree:prePrune +-- jest-changed-files@19.0.0
44 silly idealTree:prePrune +-- jest-config@19.0.0
44 silly idealTree:prePrune +-- jest-diff@19.0.0
44 silly idealTree:prePrune +-- jest-environment-jsdom@19.0.0
44 silly idealTree:prePrune +-- jest-environment-node@19.0.0
44 silly idealTree:prePrune +-- jest-file-exists@19.0.0
44 silly idealTree:prePrune +-- jest-haste-map@19.0.0
44 silly idealTree:prePrune +-- jest-jasmine2@19.0.0
44 silly idealTree:prePrune +-- jest-matcher-utils@19.0.0
44 silly idealTree:prePrune +-- jest-matchers@19.0.0
44 silly idealTree:prePrune +-- jest-message-util@19.0.0
44 silly idealTree:prePrune +-- jest-mock@19.0.0
44 silly idealTree:prePrune +-- jest-regex-util@19.0.0
44 silly idealTree:prePrune +-- jest-resolve-dependencies@19.0.0
44 silly idealTree:prePrune +-- jest-resolve@19.0.0
44 silly idealTree:prePrune +-- jest-runtime@19.0.0
44 silly idealTree:prePrune | +-- yargs-parser@4.2.1
44 silly idealTree:prePrune | `-- yargs@6.6.0
44 silly idealTree:prePrune +-- jest-snapshot@19.0.0
44 silly idealTree:prePrune +-- jest-util@19.0.0
44 silly idealTree:prePrune +-- jest-validate@19.0.0
44 silly idealTree:prePrune +-- jest@19.0.0
44 silly idealTree:prePrune | +-- callsites@2.0.0
44 silly idealTree:prePrune | +-- jest-cli@19.0.0
44 silly idealTree:prePrune | +-- yargs-parser@4.2.1
44 silly idealTree:prePrune | `-- yargs@6.6.0
44 silly idealTree:prePrune +-- jodid25519@1.0.2
44 silly idealTree:prePrune +-- jpeg-js@0.2.0
44 silly idealTree:prePrune +-- js-tokens@3.0.1
44 silly idealTree:prePrune +-- js-yaml@3.8.1
44 silly idealTree:prePrune +-- jsbn@0.1.1
44 silly idealTree:prePrune +-- jsdom@9.11.0
44 silly idealTree:prePrune +-- jsesc@1.3.0
44 silly idealTree:prePrune +-- json-schema@0.2.3
44 silly idealTree:prePrune +-- json-stable-stringify@1.0.1
44 silly idealTree:prePrune +-- json-stringify-safe@5.0.1
44 silly idealTree:prePrune +-- json5@0.5.1
44 silly idealTree:prePrune +-- jsonify@0.0.0
44 silly idealTree:prePrune +-- jsonpointer@4.0.1
44 silly idealTree:prePrune +-- jsprim@1.3.1
44 silly idealTree:prePrune +-- kind-of@3.1.0
44 silly idealTree:prePrune +-- lazy-cache@1.0.4
44 silly idealTree:prePrune +-- lcid@1.0.0
44 silly idealTree:prePrune +-- leven@2.1.0
44 silly idealTree:prePrune +-- levn@0.3.0
44 silly idealTree:prePrune +-- load-json-file@1.1.0
44 silly idealTree:prePrune | `-- strip-bom@2.0.0
44 silly idealTree:prePrune +-- locate-path@2.0.0
44 silly idealTree:prePrune | `-- path-exists@3.0.0
44 silly idealTree:prePrune +-- lodash.assign@4.2.0
44 silly idealTree:prePrune +-- lodash.cond@4.5.2
44 silly idealTree:prePrune +-- lodash.pickby@4.6.0
44 silly idealTree:prePrune +-- lodash@4.17.4
44 silly idealTree:prePrune +-- longest@1.0.1
44 silly idealTree:prePrune +-- loose-envify@1.3.1
44 silly idealTree:prePrune +-- makeerror@1.0.11
44 silly idealTree:prePrune +-- md5@2.2.1
44 silly idealTree:prePrune +-- merge@1.2.0
44 silly idealTree:prePrune +-- micromatch@2.3.11
44 silly idealTree:prePrune +-- mime-db@1.26.0
44 silly idealTree:prePrune +-- mime-types@2.1.14
44 silly idealTree:prePrune +-- mime@1.3.4
44 silly idealTree:prePrune +-- minimatch@3.0.3
44 silly idealTree:prePrune +-- minimist@0.0.8
44 silly idealTree:prePrune +-- mkdirp@0.5.1
44 silly idealTree:prePrune +-- ms@0.7.2
44 silly idealTree:prePrune +-- mute-stream@0.0.5
44 silly idealTree:prePrune +-- mz@2.6.0
44 silly idealTree:prePrune +-- natural-compare@1.4.0
44 silly idealTree:prePrune +-- node-int64@0.4.0
44 silly idealTree:prePrune +-- node-notifier@5.0.2
44 silly idealTree:prePrune +-- normalize-package-data@2.3.5
44 silly idealTree:prePrune +-- normalize-path@2.0.1
44 silly idealTree:prePrune +-- number-is-nan@1.0.1
44 silly idealTree:prePrune +-- nwmatcher@1.3.9
44 silly idealTree:prePrune +-- oauth-sign@0.8.2
44 silly idealTree:prePrune +-- object-assign@4.1.1
44 silly idealTree:prePrune +-- object.omit@2.0.1
44 silly idealTree:prePrune +-- once@1.4.0
44 silly idealTree:prePrune +-- onetime@1.1.0
44 silly idealTree:prePrune +-- optimist@0.6.1
44 silly idealTree:prePrune | `-- wordwrap@0.0.3
44 silly idealTree:prePrune +-- optionator@0.8.2
44 silly idealTree:prePrune +-- os-homedir@1.0.2
44 silly idealTree:prePrune +-- os-locale@1.4.0
44 silly idealTree:prePrune +-- os-tmpdir@1.0.2
44 silly idealTree:prePrune +-- output-file-sync@1.1.2
44 silly idealTree:prePrune +-- p-limit@1.1.0
44 silly idealTree:prePrune +-- p-locate@2.0.0
44 silly idealTree:prePrune +-- parse-glob@3.0.4
44 silly idealTree:prePrune +-- parse-json@2.2.0
44 silly idealTree:prePrune +-- parse5@1.5.1
44 silly idealTree:prePrune +-- path-exists@2.1.0
44 silly idealTree:prePrune +-- path-is-absolute@1.0.1
44 silly idealTree:prePrune +-- path-is-inside@1.0.2
44 silly idealTree:prePrune +-- path-parse@1.0.5
44 silly idealTree:prePrune +-- path-type@1.1.0
44 silly idealTree:prePrune +-- pify@2.3.0
44 silly idealTree:prePrune +-- pinkie-promise@2.0.1
44 silly idealTree:prePrune +-- pinkie@2.0.4
44 silly idealTree:prePrune +-- pkg-dir@1.0.0
44 silly idealTree:prePrune +-- pkg-up@1.0.0
44 silly idealTree:prePrune +-- pluralize@1.2.1
44 silly idealTree:prePrune +-- prelude-ls@1.1.2
44 silly idealTree:prePrune +-- preserve@0.2.0
44 silly idealTree:prePrune +-- pretty-format@19.0.0
44 silly idealTree:prePrune | `-- ansi-styles@3.0.0
44 silly idealTree:prePrune +-- private@0.1.7
44 silly idealTree:prePrune +-- process-nextick-args@1.0.7
44 silly idealTree:prePrune +-- progress@1.1.8
44 silly idealTree:prePrune +-- prr@0.0.0
44 silly idealTree:prePrune +-- punycode@1.4.1
44 silly idealTree:prePrune +-- qs@6.3.1
44 silly idealTree:prePrune +-- randomatic@1.1.6
44 silly idealTree:prePrune +-- read-pkg-up@1.0.1
44 silly idealTree:prePrune +-- read-pkg@1.1.0
44 silly idealTree:prePrune +-- readable-stream@2.2.3
44 silly idealTree:prePrune +-- readdirp@2.1.0
44 silly idealTree:prePrune +-- readline-sync@1.4.6
44 silly idealTree:prePrune +-- readline2@1.0.1
44 silly idealTree:prePrune +-- rechoir@0.6.2
44 silly idealTree:prePrune +-- regenerate@1.3.2
44 silly idealTree:prePrune +-- regenerator-runtime@0.10.3
44 silly idealTree:prePrune +-- regenerator-transform@0.9.8
44 silly idealTree:prePrune +-- regex-cache@0.4.3
44 silly idealTree:prePrune +-- regexpu-core@2.0.0
44 silly idealTree:prePrune +-- regjsgen@0.2.0
44 silly idealTree:prePrune +-- regjsparser@0.1.5
44 silly idealTree:prePrune | `-- jsesc@0.5.0
44 silly idealTree:prePrune +-- repeat-element@1.1.2
44 silly idealTree:prePrune +-- repeat-string@1.6.1
44 silly idealTree:prePrune +-- repeating@2.0.1
44 silly idealTree:prePrune +-- request@2.79.0
44 silly idealTree:prePrune +-- require-directory@2.1.1
44 silly idealTree:prePrune +-- require-main-filename@1.0.1
44 silly idealTree:prePrune +-- require-uncached@1.0.3
44 silly idealTree:prePrune +-- resolve-from@1.0.1
44 silly idealTree:prePrune +-- resolve@1.2.0
44 silly idealTree:prePrune +-- restore-cursor@1.0.1
44 silly idealTree:prePrune +-- right-align@0.1.3
44 silly idealTree:prePrune +-- rimraf@2.6.0
44 silly idealTree:prePrune +-- run-async@0.1.0
44 silly idealTree:prePrune +-- rx-lite@3.1.2
44 silly idealTree:prePrune +-- sane@1.5.0
44 silly idealTree:prePrune | +-- bser@1.0.2
44 silly idealTree:prePrune | +-- fb-watchman@1.9.2
44 silly idealTree:prePrune | `-- minimist@1.2.0
44 silly idealTree:prePrune +-- sax@1.2.2
44 silly idealTree:prePrune +-- semver@5.3.0
44 silly idealTree:prePrune +-- set-blocking@2.0.0
44 silly idealTree:prePrune +-- set-immediate-shim@1.0.1
44 silly idealTree:prePrune +-- shelljs@0.7.6
44 silly idealTree:prePrune +-- shellwords@0.1.0
44 silly idealTree:prePrune +-- slash@1.0.0
44 silly idealTree:prePrune +-- slice-ansi@0.0.4
44 silly idealTree:prePrune +-- sntp@1.0.9
44 silly idealTree:prePrune +-- source-map-support@0.4.11
44 silly idealTree:prePrune +-- source-map@0.5.6
44 silly idealTree:prePrune +-- spdx-correct@1.0.2
44 silly idealTree:prePrune +-- spdx-expression-parse@1.0.4
44 silly idealTree:prePrune +-- spdx-license-ids@1.2.2
44 silly idealTree:prePrune +-- sprintf-js@1.0.3
44 silly idealTree:prePrune +-- sshpk@1.10.2
44 silly idealTree:prePrune | `-- assert-plus@1.0.0
44 silly idealTree:prePrune +-- string_decoder@0.10.31
44 silly idealTree:prePrune +-- string-length@1.0.1
44 silly idealTree:prePrune +-- string-width@1.0.2
44 silly idealTree:prePrune +-- stringstream@0.0.5
44 silly idealTree:prePrune +-- strip-ansi@3.0.1
44 silly idealTree:prePrune +-- strip-bom@3.0.0
44 silly idealTree:prePrune +-- strip-json-comments@2.0.1
44 silly idealTree:prePrune +-- supports-color@2.0.0
44 silly idealTree:prePrune +-- symbol-tree@3.2.2
44 silly idealTree:prePrune +-- table@3.8.3
44 silly idealTree:prePrune | +-- is-fullwidth-code-point@2.0.0
44 silly idealTree:prePrune | `-- string-width@2.0.0
44 silly idealTree:prePrune +-- test-exclude@4.0.0
44 silly idealTree:prePrune +-- text-table@0.2.0
44 silly idealTree:prePrune +-- thenify-all@1.6.0
44 silly idealTree:prePrune +-- thenify@3.2.1
44 silly idealTree:prePrune +-- throat@3.0.0
44 silly idealTree:prePrune +-- through@2.3.8
44 silly idealTree:prePrune +-- tmpl@1.0.4
44 silly idealTree:prePrune +-- to-fast-properties@1.0.2
44 silly idealTree:prePrune +-- tough-cookie@2.3.2
44 silly idealTree:prePrune +-- tr46@0.0.3
44 silly idealTree:prePrune +-- trim-right@1.0.1
44 silly idealTree:prePrune +-- tryit@1.0.3
44 silly idealTree:prePrune +-- tunnel-agent@0.4.3
44 silly idealTree:prePrune +-- tv4@1.2.7
44 silly idealTree:prePrune +-- tweetnacl@0.14.5
44 silly idealTree:prePrune +-- type-check@0.3.2
44 silly idealTree:prePrune +-- typedarray@0.0.6
44 silly idealTree:prePrune +-- uglify-js@2.7.5
44 silly idealTree:prePrune | +-- async@0.2.10
44 silly idealTree:prePrune | +-- camelcase@1.2.1
44 silly idealTree:prePrune | +-- cliui@2.1.0
44 silly idealTree:prePrune | +-- window-size@0.1.0
44 silly idealTree:prePrune | +-- wordwrap@0.0.2
44 silly idealTree:prePrune | `-- yargs@3.10.0
44 silly idealTree:prePrune +-- uglify-to-browserify@1.0.2
44 silly idealTree:prePrune +-- user-home@1.1.1
44 silly idealTree:prePrune +-- util-deprecate@1.0.2
44 silly idealTree:prePrune +-- uuid@3.0.1
44 silly idealTree:prePrune +-- v8flags@2.0.11
44 silly idealTree:prePrune +-- validate-npm-package-license@3.0.1
44 silly idealTree:prePrune +-- verror@1.3.6
44 silly idealTree:prePrune +-- walker@1.0.7
44 silly idealTree:prePrune +-- watch@0.10.0
44 silly idealTree:prePrune +-- webidl-conversions@4.0.1
44 silly idealTree:prePrune +-- whatwg-encoding@1.0.1
44 silly idealTree:prePrune +-- whatwg-url@4.4.0
44 silly idealTree:prePrune | `-- webidl-conversions@3.0.1
44 silly idealTree:prePrune +-- which-module@1.0.0
44 silly idealTree:prePrune +-- which@1.2.12
44 silly idealTree:prePrune +-- window-size@0.2.0
44 silly idealTree:prePrune +-- wordwrap@1.0.0
44 silly idealTree:prePrune +-- worker-farm@1.3.1
44 silly idealTree:prePrune +-- wrap-ansi@2.1.0
44 silly idealTree:prePrune +-- wrappy@1.0.2
44 silly idealTree:prePrune +-- write@0.2.1
44 silly idealTree:prePrune +-- xml-name-validator@2.0.1
44 silly idealTree:prePrune +-- xregexp@3.1.1
44 silly idealTree:prePrune +-- xtend@4.0.1
44 silly idealTree:prePrune +-- y18n@3.2.1
44 silly idealTree:prePrune +-- yargs-parser@2.4.1
44 silly idealTree:prePrune `-- yargs@4.8.1
45 silly loadIdealTree Finishing
46 silly currentTree jpeg-to-text@0.0.1
46 silly currentTree +-- abab@1.0.3
46 silly currentTree +-- acorn-globals@3.1.0
46 silly currentTree +-- acorn-jsx@3.0.1
46 silly currentTree | `-- acorn@3.3.0
46 silly currentTree +-- acorn@4.0.4
46 silly currentTree +-- ajv-keywords@1.5.1
46 silly currentTree +-- ajv@4.11.3
46 silly currentTree +-- align-text@0.1.4
46 silly currentTree +-- amdefine@1.0.1
46 silly currentTree +-- ansi-escapes@1.4.0
46 silly currentTree +-- ansi-regex@2.1.1
46 silly currentTree +-- ansi-styles@2.2.1
46 silly currentTree +-- any-promise@1.3.0
46 silly currentTree +-- anymatch@1.3.0
46 silly currentTree +-- append-transform@0.4.0
46 silly currentTree +-- argparse@1.0.9
46 silly currentTree +-- arr-diff@2.0.0
46 silly currentTree +-- arr-flatten@1.0.1
46 silly currentTree +-- array-equal@1.0.0
46 silly currentTree +-- array-union@1.0.2
46 silly currentTree +-- array-uniq@1.0.3
46 silly currentTree +-- array-unique@0.2.1
46 silly currentTree +-- arrify@1.0.1
46 silly currentTree +-- asn1@0.2.3
46 silly currentTree +-- assert-plus@0.2.0
46 silly currentTree +-- async-each@1.0.1
46 silly currentTree +-- async@2.1.5
46 silly currentTree +-- asynckit@0.4.0
46 silly currentTree +-- aws-sign2@0.6.0
46 silly currentTree +-- aws4@1.6.0
46 silly currentTree +-- babel-cli@6.23.0
46 silly currentTree +-- babel-code-frame@6.22.0
46 silly currentTree +-- babel-core@6.23.1
46 silly currentTree +-- babel-eslint@7.1.1
46 silly currentTree +-- babel-generator@6.23.0
46 silly currentTree +-- babel-helper-bindify-decorators@6.22.0
46 silly currentTree +-- babel-helper-builder-binary-assignment-operator-visitor@6.22.0
46 silly currentTree +-- babel-helper-call-delegate@6.22.0
46 silly currentTree +-- babel-helper-define-map@6.23.0
46 silly currentTree +-- babel-helper-explode-assignable-expression@6.22.0
46 silly currentTree +-- babel-helper-explode-class@6.22.0
46 silly currentTree +-- babel-helper-function-name@6.23.0
46 silly currentTree +-- babel-helper-get-function-arity@6.22.0
46 silly currentTree +-- babel-helper-hoist-variables@6.22.0
46 silly currentTree +-- babel-helper-optimise-call-expression@6.23.0
46 silly currentTree +-- babel-helper-regex@6.22.0
46 silly currentTree +-- babel-helper-remap-async-to-generator@6.22.0
46 silly currentTree +-- babel-helper-replace-supers@6.23.0
46 silly currentTree +-- babel-helpers@6.23.0
46 silly currentTree +-- babel-jest@19.0.0
46 silly currentTree +-- babel-messages@6.23.0
46 silly currentTree +-- babel-plugin-check-es2015-constants@6.22.0
46 silly currentTree +-- babel-plugin-istanbul@4.0.0
46 silly currentTree | `-- find-up@2.1.0
46 silly currentTree +-- babel-plugin-jest-hoist@19.0.0
46 silly currentTree +-- babel-plugin-syntax-async-functions@6.13.0
46 silly currentTree +-- babel-plugin-syntax-async-generators@6.13.0
46 silly currentTree +-- babel-plugin-syntax-class-constructor-call@6.18.0
46 silly currentTree +-- babel-plugin-syntax-class-properties@6.13.0
46 silly currentTree +-- babel-plugin-syntax-decorators@6.13.0
46 silly currentTree +-- babel-plugin-syntax-do-expressions@6.13.0
46 silly currentTree +-- babel-plugin-syntax-dynamic-import@6.18.0
46 silly currentTree +-- babel-plugin-syntax-exponentiation-operator@6.13.0
46 silly currentTree +-- babel-plugin-syntax-export-extensions@6.13.0
46 silly currentTree +-- babel-plugin-syntax-flow@6.18.0
46 silly currentTree +-- babel-plugin-syntax-function-bind@6.13.0
46 silly currentTree +-- babel-plugin-syntax-object-rest-spread@6.13.0
46 silly currentTree +-- babel-plugin-syntax-trailing-function-commas@6.22.0
46 silly currentTree +-- babel-plugin-transform-async-generator-functions@6.22.0
46 silly currentTree +-- babel-plugin-transform-async-to-generator@6.22.0
46 silly currentTree +-- babel-plugin-transform-class-constructor-call@6.22.0
46 silly currentTree +-- babel-plugin-transform-class-properties@6.23.0
46 silly currentTree +-- babel-plugin-transform-decorators@6.22.0
46 silly currentTree +-- babel-plugin-transform-do-expressions@6.22.0
46 silly currentTree +-- babel-plugin-transform-es2015-arrow-functions@6.22.0
46 silly currentTree +-- babel-plugin-transform-es2015-block-scoped-functions@6.22.0
46 silly currentTree +-- babel-plugin-transform-es2015-block-scoping@6.23.0
46 silly currentTree +-- babel-plugin-transform-es2015-classes@6.23.0
46 silly currentTree +-- babel-plugin-transform-es2015-computed-properties@6.22.0
46 silly currentTree +-- babel-plugin-transform-es2015-destructuring@6.23.0
46 silly currentTree +-- babel-plugin-transform-es2015-duplicate-keys@6.22.0
46 silly currentTree +-- babel-plugin-transform-es2015-for-of@6.23.0
46 silly currentTree +-- babel-plugin-transform-es2015-function-name@6.22.0
46 silly currentTree +-- babel-plugin-transform-es2015-literals@6.22.0
46 silly currentTree +-- babel-plugin-transform-es2015-modules-amd@6.22.0
46 silly currentTree +-- babel-plugin-transform-es2015-modules-commonjs@6.23.0
46 silly currentTree +-- babel-plugin-transform-es2015-modules-systemjs@6.23.0
46 silly currentTree +-- babel-plugin-transform-es2015-modules-umd@6.23.0
46 silly currentTree +-- babel-plugin-transform-es2015-object-super@6.22.0
46 silly currentTree +-- babel-plugin-transform-es2015-parameters@6.23.0
46 silly currentTree +-- babel-plugin-transform-es2015-shorthand-properties@6.22.0
46 silly currentTree +-- babel-plugin-transform-es2015-spread@6.22.0
46 silly currentTree +-- babel-plugin-transform-es2015-sticky-regex@6.22.0
46 silly currentTree +-- babel-plugin-transform-es2015-template-literals@6.22.0
46 silly currentTree +-- babel-plugin-transform-es2015-typeof-symbol@6.23.0
46 silly currentTree +-- babel-plugin-transform-es2015-unicode-regex@6.22.0
46 silly currentTree +-- babel-plugin-transform-exponentiation-operator@6.22.0
46 silly currentTree +-- babel-plugin-transform-export-extensions@6.22.0
46 silly currentTree +-- babel-plugin-transform-flow-strip-types@6.22.0
46 silly currentTree +-- babel-plugin-transform-function-bind@6.22.0
46 silly currentTree +-- babel-plugin-transform-object-rest-spread@6.23.0
46 silly currentTree +-- babel-plugin-transform-regenerator@6.22.0
46 silly currentTree +-- babel-plugin-transform-runtime@6.23.0
46 silly currentTree +-- babel-plugin-transform-strict-mode@6.22.0
46 silly currentTree +-- babel-polyfill@6.23.0
46 silly currentTree +-- babel-preset-env@1.1.8
46 silly currentTree +-- babel-preset-jest@19.0.0
46 silly currentTree +-- babel-preset-stage-0@6.22.0
46 silly currentTree +-- babel-preset-stage-1@6.22.0
46 silly currentTree +-- babel-preset-stage-2@6.22.0
46 silly currentTree +-- babel-preset-stage-3@6.22.0
46 silly currentTree +-- babel-register@6.23.0
46 silly currentTree +-- babel-runtime@6.23.0
46 silly currentTree +-- babel-template@6.23.0
46 silly currentTree +-- babel-traverse@6.23.1
46 silly currentTree +-- babel-types@6.23.0
46 silly currentTree +-- babylon@6.15.0
46 silly currentTree +-- balanced-match@0.4.2
46 silly currentTree +-- bcrypt-pbkdf@1.0.1
46 silly currentTree +-- binary-extensions@1.8.0
46 silly currentTree +-- bluebird@3.4.7
46 silly currentTree +-- boom@2.10.1
46 silly currentTree +-- brace-expansion@1.1.6
46 silly currentTree +-- braces@1.8.5
46 silly currentTree +-- browser-resolve@1.11.2
46 silly currentTree | `-- resolve@1.1.7
46 silly currentTree +-- browserslist@1.7.4
46 silly currentTree +-- bser@2.0.0
46 silly currentTree +-- buffer-shims@1.0.0
46 silly currentTree +-- builtin-modules@1.1.1
46 silly currentTree +-- caller-path@0.1.0
46 silly currentTree +-- callsites@0.2.0
46 silly currentTree +-- camelcase@3.0.0
46 silly currentTree +-- caniuse-db@1.0.30000624
46 silly currentTree +-- caseless@0.11.0
46 silly currentTree +-- center-align@0.1.3
46 silly currentTree +-- chalk@1.1.3
46 silly currentTree +-- charenc@0.0.2
46 silly currentTree +-- chokidar@1.6.1
46 silly currentTree +-- ci-info@1.0.0
46 silly currentTree +-- circular-json@0.3.1
46 silly currentTree +-- cli-cursor@1.0.2
46 silly currentTree +-- cli-width@2.1.0
46 silly currentTree +-- cliui@3.2.0
46 silly currentTree +-- co@4.6.0
46 silly currentTree +-- code-point-at@1.1.0
46 silly currentTree +-- color-convert@1.9.0
46 silly currentTree +-- color-name@1.1.1
46 silly currentTree +-- colors@1.1.2
46 silly currentTree +-- combined-stream@1.0.5
46 silly currentTree +-- commander@2.9.0
46 silly currentTree +-- concat-map@0.0.1
46 silly currentTree +-- concat-stream@1.6.0
46 silly currentTree +-- contains-path@0.1.0
46 silly currentTree +-- content-type-parser@1.0.1
46 silly currentTree +-- convert-source-map@1.4.0
46 silly currentTree +-- core-js@2.4.1
46 silly currentTree +-- core-util-is@1.0.2
46 silly currentTree +-- crypt@0.0.2
46 silly currentTree +-- cryptiles@2.0.5
46 silly currentTree +-- cssom@0.3.2
46 silly currentTree +-- cssstyle@0.2.37
46 silly currentTree +-- d@0.1.1
46 silly currentTree +-- dashdash@1.14.1
46 silly currentTree | `-- assert-plus@1.0.0
46 silly currentTree +-- debug@2.6.1
46 silly currentTree +-- decamelize@1.2.0
46 silly currentTree +-- deep-is@0.1.3
46 silly currentTree +-- default-require-extensions@1.0.0
46 silly currentTree | `-- strip-bom@2.0.0
46 silly currentTree +-- del@2.2.2
46 silly currentTree +-- delayed-stream@1.0.0
46 silly currentTree +-- detect-indent@4.0.0
46 silly currentTree +-- diff@3.2.0
46 silly currentTree +-- doctrine@1.5.0
46 silly currentTree +-- ecc-jsbn@0.1.1
46 silly currentTree +-- electron-to-chromium@1.2.2
46 silly currentTree +-- errno@0.1.4
46 silly currentTree +-- error-ex@1.3.0
46 silly currentTree +-- es5-ext@0.10.12
46 silly currentTree +-- es6-iterator@2.0.0
46 silly currentTree +-- es6-map@0.1.4
46 silly currentTree +-- es6-set@0.1.4
46 silly currentTree +-- es6-symbol@3.1.0
46 silly currentTree +-- es6-weak-map@2.0.1
46 silly currentTree +-- escape-string-regexp@1.0.5
46 silly currentTree +-- escodegen@1.8.1
46 silly currentTree | +-- esprima@2.7.3
46 silly currentTree | +-- estraverse@1.9.3
46 silly currentTree | `-- source-map@0.2.0
46 silly currentTree +-- escope@3.6.0
46 silly currentTree +-- eslint-config-airbnb-base@11.1.0
46 silly currentTree +-- eslint-config-airbnb@14.1.0
46 silly currentTree +-- eslint-import-resolver-node@0.2.3
46 silly currentTree +-- eslint-module-utils@2.0.0
46 silly currentTree | +-- debug@2.2.0
46 silly currentTree | `-- ms@0.7.1
46 silly currentTree +-- eslint-plugin-flowtype@2.30.0
46 silly currentTree +-- eslint-plugin-import@2.2.0
46 silly currentTree +-- eslint@3.16.0
46 silly currentTree | `-- user-home@2.0.0
46 silly currentTree +-- espree@3.4.0
46 silly currentTree +-- esprima@3.1.3
46 silly currentTree +-- esrecurse@4.1.0
46 silly currentTree | `-- estraverse@4.1.1
46 silly currentTree +-- estraverse@4.2.0
46 silly currentTree +-- esutils@2.0.2
46 silly currentTree +-- event-emitter@0.3.4
46 silly currentTree +-- exec-sh@0.2.0
46 silly currentTree +-- exit-hook@1.1.1
46 silly currentTree +-- expand-brackets@0.1.5
46 silly currentTree +-- expand-range@1.8.2
46 silly currentTree +-- extend@3.0.0
46 silly currentTree +-- extglob@0.3.2
46 silly currentTree +-- extsprintf@1.0.2
46 silly currentTree +-- fast-levenshtein@2.0.6
46 silly currentTree +-- fb-watchman@2.0.0
46 silly currentTree +-- figures@1.7.0
46 silly currentTree +-- file-entry-cache@2.0.0
46 silly currentTree +-- filename-regex@2.0.0
46 silly currentTree +-- fileset@2.0.3
46 silly currentTree +-- fill-range@2.2.3
46 silly currentTree +-- find-up@1.1.2
46 silly currentTree +-- flat-cache@1.2.2
46 silly currentTree +-- flow-bin@0.39.0
46 silly currentTree +-- flow-typed@2.0.0
46 silly currentTree | +-- rx-lite@4.0.8
46 silly currentTree | `-- table@3.7.8
46 silly currentTree +-- for-in@0.1.6
46 silly currentTree +-- for-own@0.1.4
46 silly currentTree +-- forever-agent@0.6.1
46 silly currentTree +-- form-data@2.1.2
46 silly currentTree +-- fs-readdir-recursive@1.0.0
46 silly currentTree +-- fs.realpath@1.0.0
46 silly currentTree +-- function-bind@1.1.0
46 silly currentTree +-- generate-function@2.0.0
46 silly currentTree +-- generate-object-property@1.2.0
46 silly currentTree +-- get-caller-file@1.0.2
46 silly currentTree +-- getpass@0.1.6
46 silly currentTree | `-- assert-plus@1.0.0
46 silly currentTree +-- github@0.2.4
46 silly currentTree +-- glob-base@0.3.0
46 silly currentTree +-- glob-parent@2.0.0
46 silly currentTree +-- glob@7.1.1
46 silly currentTree +-- globals@9.16.0
46 silly currentTree +-- globby@5.0.0
46 silly currentTree +-- graceful-fs@4.1.11
46 silly currentTree +-- graceful-readlink@1.0.1
46 silly currentTree +-- growly@1.3.0
46 silly currentTree +-- handlebars@4.0.6
46 silly currentTree | +-- async@1.5.2
46 silly currentTree | `-- source-map@0.4.4
46 silly currentTree +-- har-validator@2.0.6
46 silly currentTree +-- has-ansi@2.0.0
46 silly currentTree +-- has-flag@1.0.0
46 silly currentTree +-- has@1.0.1
46 silly currentTree +-- hawk@3.1.3
46 silly currentTree +-- hoek@2.16.3
46 silly currentTree +-- home-or-tmp@2.0.0
46 silly currentTree +-- hosted-git-info@2.2.0
46 silly currentTree +-- html-encoding-sniffer@1.0.1
46 silly currentTree +-- http-signature@1.1.1
46 silly currentTree +-- iconv-lite@0.4.13
46 silly currentTree +-- ignore@3.2.4
46 silly currentTree +-- imurmurhash@0.1.4
46 silly currentTree +-- inflight@1.0.6
46 silly currentTree +-- inherits@2.0.3
46 silly currentTree +-- ini@1.3.4
46 silly currentTree +-- inquirer@0.12.0
46 silly currentTree +-- interpret@1.0.1
46 silly currentTree +-- invariant@2.2.2
46 silly currentTree +-- invert-kv@1.0.0
46 silly currentTree +-- is-arrayish@0.2.1
46 silly currentTree +-- is-binary-path@1.0.1
46 silly currentTree +-- is-buffer@1.1.4
46 silly currentTree +-- is-builtin-module@1.0.0
46 silly currentTree +-- is-ci@1.0.10
46 silly currentTree +-- is-dotfile@1.0.2
46 silly currentTree +-- is-equal-shallow@0.1.3
46 silly currentTree +-- is-extendable@0.1.1
46 silly currentTree +-- is-extglob@1.0.0
46 silly currentTree +-- is-finite@1.0.2
46 silly currentTree +-- is-fullwidth-code-point@1.0.0
46 silly currentTree +-- is-glob@2.0.1
46 silly currentTree +-- is-my-json-valid@2.15.0
46 silly currentTree +-- is-number@2.1.0
46 silly currentTree +-- is-path-cwd@1.0.0
46 silly currentTree +-- is-path-in-cwd@1.0.0
46 silly currentTree +-- is-path-inside@1.0.0
46 silly currentTree +-- is-posix-bracket@0.1.1
46 silly currentTree +-- is-primitive@2.0.0
46 silly currentTree +-- is-property@1.0.2
46 silly currentTree +-- is-resolvable@1.0.0
46 silly currentTree +-- is-typedarray@1.0.0
46 silly currentTree +-- is-utf8@0.2.1
46 silly currentTree +-- isarray@1.0.0
46 silly currentTree +-- isexe@1.1.2
46 silly currentTree +-- isobject@2.1.0
46 silly currentTree +-- isstream@0.1.2
46 silly currentTree +-- istanbul-api@1.1.1
46 silly currentTree +-- istanbul-lib-coverage@1.0.1
46 silly currentTree +-- istanbul-lib-hook@1.0.0
46 silly currentTree +-- istanbul-lib-instrument@1.4.2
46 silly currentTree +-- istanbul-lib-report@1.0.0-alpha.3
46 silly currentTree | +-- async@1.5.2
46 silly currentTree | `-- supports-color@3.2.3
46 silly currentTree +-- istanbul-lib-source-maps@1.1.0
46 silly currentTree +-- istanbul-reports@1.0.1
46 silly currentTree +-- jest-changed-files@19.0.0
46 silly currentTree +-- jest-config@19.0.0
46 silly currentTree +-- jest-diff@19.0.0
46 silly currentTree +-- jest-environment-jsdom@19.0.0
46 silly currentTree +-- jest-environment-node@19.0.0
46 silly currentTree +-- jest-file-exists@19.0.0
46 silly currentTree +-- jest-haste-map@19.0.0
46 silly currentTree +-- jest-jasmine2@19.0.0
46 silly currentTree +-- jest-matcher-utils@19.0.0
46 silly currentTree +-- jest-matchers@19.0.0
46 silly currentTree +-- jest-message-util@19.0.0
46 silly currentTree +-- jest-mock@19.0.0
46 silly currentTree +-- jest-regex-util@19.0.0
46 silly currentTree +-- jest-resolve-dependencies@19.0.0
46 silly currentTree +-- jest-resolve@19.0.0
46 silly currentTree +-- jest-runtime@19.0.0
46 silly currentTree | +-- yargs-parser@4.2.1
46 silly currentTree | `-- yargs@6.6.0
46 silly currentTree +-- jest-snapshot@19.0.0
46 silly currentTree +-- jest-util@19.0.0
46 silly currentTree +-- jest-validate@19.0.0
46 silly currentTree +-- jest@19.0.0
46 silly currentTree | +-- callsites@2.0.0
46 silly currentTree | +-- jest-cli@19.0.0
46 silly currentTree | +-- yargs-parser@4.2.1
46 silly currentTree | `-- yargs@6.6.0
46 silly currentTree +-- jodid25519@1.0.2
46 silly currentTree +-- jpeg-js@0.2.0
46 silly currentTree +-- js-tokens@3.0.1
46 silly currentTree +-- js-yaml@3.8.1
46 silly currentTree +-- jsbn@0.1.1
46 silly currentTree +-- jsdom@9.11.0
46 silly currentTree +-- jsesc@1.3.0
46 silly currentTree +-- json-schema@0.2.3
46 silly currentTree +-- json-stable-stringify@1.0.1
46 silly currentTree +-- json-stringify-safe@5.0.1
46 silly currentTree +-- json5@0.5.1
46 silly currentTree +-- jsonify@0.0.0
46 silly currentTree +-- jsonpointer@4.0.1
46 silly currentTree +-- jsprim@1.3.1
46 silly currentTree +-- kind-of@3.1.0
46 silly currentTree +-- lazy-cache@1.0.4
46 silly currentTree +-- lcid@1.0.0
46 silly currentTree +-- leven@2.1.0
46 silly currentTree +-- levn@0.3.0
46 silly currentTree +-- load-json-file@1.1.0
46 silly currentTree | `-- strip-bom@2.0.0
46 silly currentTree +-- locate-path@2.0.0
46 silly currentTree | `-- path-exists@3.0.0
46 silly currentTree +-- lodash.assign@4.2.0
46 silly currentTree +-- lodash.cond@4.5.2
46 silly currentTree +-- lodash.pickby@4.6.0
46 silly currentTree +-- lodash@4.17.4
46 silly currentTree +-- longest@1.0.1
46 silly currentTree +-- loose-envify@1.3.1
46 silly currentTree +-- makeerror@1.0.11
46 silly currentTree +-- md5@2.2.1
46 silly currentTree +-- merge@1.2.0
46 silly currentTree +-- micromatch@2.3.11
46 silly currentTree +-- mime-db@1.26.0
46 silly currentTree +-- mime-types@2.1.14
46 silly currentTree +-- mime@1.3.4
46 silly currentTree +-- minimatch@3.0.3
46 silly currentTree +-- minimist@0.0.8
46 silly currentTree +-- mkdirp@0.5.1
46 silly currentTree +-- ms@0.7.2
46 silly currentTree +-- mute-stream@0.0.5
46 silly currentTree +-- mz@2.6.0
46 silly currentTree +-- natural-compare@1.4.0
46 silly currentTree +-- node-int64@0.4.0
46 silly currentTree +-- node-notifier@5.0.2
46 silly currentTree +-- normalize-package-data@2.3.5
46 silly currentTree +-- normalize-path@2.0.1
46 silly currentTree +-- number-is-nan@1.0.1
46 silly currentTree +-- nwmatcher@1.3.9
46 silly currentTree +-- oauth-sign@0.8.2
46 silly currentTree +-- object-assign@4.1.1
46 silly currentTree +-- object.omit@2.0.1
46 silly currentTree +-- once@1.4.0
46 silly currentTree +-- onetime@1.1.0
46 silly currentTree +-- optimist@0.6.1
46 silly currentTree | `-- wordwrap@0.0.3
46 silly currentTree +-- optionator@0.8.2
46 silly currentTree +-- os-homedir@1.0.2
46 silly currentTree +-- os-locale@1.4.0
46 silly currentTree +-- os-tmpdir@1.0.2
46 silly currentTree +-- output-file-sync@1.1.2
46 silly currentTree +-- p-limit@1.1.0
46 silly currentTree +-- p-locate@2.0.0
46 silly currentTree +-- parse-glob@3.0.4
46 silly currentTree +-- parse-json@2.2.0
46 silly currentTree +-- parse5@1.5.1
46 silly currentTree +-- path-exists@2.1.0
46 silly currentTree +-- path-is-absolute@1.0.1
46 silly currentTree +-- path-is-inside@1.0.2
46 silly currentTree +-- path-parse@1.0.5
46 silly currentTree +-- path-type@1.1.0
46 silly currentTree +-- pify@2.3.0
46 silly currentTree +-- pinkie-promise@2.0.1
46 silly currentTree +-- pinkie@2.0.4
46 silly currentTree +-- pkg-dir@1.0.0
46 silly currentTree +-- pkg-up@1.0.0
46 silly currentTree +-- pluralize@1.2.1
46 silly currentTree +-- prelude-ls@1.1.2
46 silly currentTree +-- preserve@0.2.0
46 silly currentTree +-- pretty-format@19.0.0
46 silly currentTree | `-- ansi-styles@3.0.0
46 silly currentTree +-- private@0.1.7
46 silly currentTree +-- process-nextick-args@1.0.7
46 silly currentTree +-- progress@1.1.8
46 silly currentTree +-- prr@0.0.0
46 silly currentTree +-- punycode@1.4.1
46 silly currentTree +-- qs@6.3.1
46 silly currentTree +-- randomatic@1.1.6
46 silly currentTree +-- read-pkg-up@1.0.1
46 silly currentTree +-- read-pkg@1.1.0
46 silly currentTree +-- readable-stream@2.2.3
46 silly currentTree +-- readdirp@2.1.0
46 silly currentTree +-- readline-sync@1.4.6
46 silly currentTree +-- readline2@1.0.1
46 silly currentTree +-- rechoir@0.6.2
46 silly currentTree +-- regenerate@1.3.2
46 silly currentTree +-- regenerator-runtime@0.10.3
46 silly currentTree +-- regenerator-transform@0.9.8
46 silly currentTree +-- regex-cache@0.4.3
46 silly currentTree +-- regexpu-core@2.0.0
46 silly currentTree +-- regjsgen@0.2.0
46 silly currentTree +-- regjsparser@0.1.5
46 silly currentTree | `-- jsesc@0.5.0
46 silly currentTree +-- repeat-element@1.1.2
46 silly currentTree +-- repeat-string@1.6.1
46 silly currentTree +-- repeating@2.0.1
46 silly currentTree +-- request@2.79.0
46 silly currentTree +-- require-directory@2.1.1
46 silly currentTree +-- require-main-filename@1.0.1
46 silly currentTree +-- require-uncached@1.0.3
46 silly currentTree +-- resolve-from@1.0.1
46 silly currentTree +-- resolve@1.2.0
46 silly currentTree +-- restore-cursor@1.0.1
46 silly currentTree +-- right-align@0.1.3
46 silly currentTree +-- rimraf@2.6.0
46 silly currentTree +-- run-async@0.1.0
46 silly currentTree +-- rx-lite@3.1.2
46 silly currentTree +-- sane@1.5.0
46 silly currentTree | +-- bser@1.0.2
46 silly currentTree | +-- fb-watchman@1.9.2
46 silly currentTree | `-- minimist@1.2.0
46 silly currentTree +-- sax@1.2.2
46 silly currentTree +-- semver@5.3.0
46 silly currentTree +-- set-blocking@2.0.0
46 silly currentTree +-- set-immediate-shim@1.0.1
46 silly currentTree +-- shelljs@0.7.6
46 silly currentTree +-- shellwords@0.1.0
46 silly currentTree +-- slash@1.0.0
46 silly currentTree +-- slice-ansi@0.0.4
46 silly currentTree +-- sntp@1.0.9
46 silly currentTree +-- source-map-support@0.4.11
46 silly currentTree +-- source-map@0.5.6
46 silly currentTree +-- spdx-correct@1.0.2
46 silly currentTree +-- spdx-expression-parse@1.0.4
46 silly currentTree +-- spdx-license-ids@1.2.2
46 silly currentTree +-- sprintf-js@1.0.3
46 silly currentTree +-- sshpk@1.10.2
46 silly currentTree | `-- assert-plus@1.0.0
46 silly currentTree +-- string_decoder@0.10.31
46 silly currentTree +-- string-length@1.0.1
46 silly currentTree +-- string-width@1.0.2
46 silly currentTree +-- stringstream@0.0.5
46 silly currentTree +-- strip-ansi@3.0.1
46 silly currentTree +-- strip-bom@3.0.0
46 silly currentTree +-- strip-json-comments@2.0.1
46 silly currentTree +-- supports-color@2.0.0
46 silly currentTree +-- symbol-tree@3.2.2
46 silly currentTree +-- table@3.8.3
46 silly currentTree | +-- is-fullwidth-code-point@2.0.0
46 silly currentTree | `-- string-width@2.0.0
46 silly currentTree +-- test-exclude@4.0.0
46 silly currentTree +-- text-table@0.2.0
46 silly currentTree +-- thenify-all@1.6.0
46 silly currentTree +-- thenify@3.2.1
46 silly currentTree +-- throat@3.0.0
46 silly currentTree +-- through@2.3.8
46 silly currentTree +-- tmpl@1.0.4
46 silly currentTree +-- to-fast-properties@1.0.2
46 silly currentTree +-- tough-cookie@2.3.2
46 silly currentTree +-- tr46@0.0.3
46 silly currentTree +-- trim-right@1.0.1
46 silly currentTree +-- tryit@1.0.3
46 silly currentTree +-- tunnel-agent@0.4.3
46 silly currentTree +-- tv4@1.2.7
46 silly currentTree +-- tweetnacl@0.14.5
46 silly currentTree +-- type-check@0.3.2
46 silly currentTree +-- typedarray@0.0.6
46 silly currentTree +-- uglify-js@2.7.5
46 silly currentTree | +-- async@0.2.10
46 silly currentTree | +-- camelcase@1.2.1
46 silly currentTree | +-- cliui@2.1.0
46 silly currentTree | +-- window-size@0.1.0
46 silly currentTree | +-- wordwrap@0.0.2
46 silly currentTree | `-- yargs@3.10.0
46 silly currentTree +-- uglify-to-browserify@1.0.2
46 silly currentTree +-- user-home@1.1.1
46 silly currentTree +-- util-deprecate@1.0.2
46 silly currentTree +-- uuid@3.0.1
46 silly currentTree +-- v8flags@2.0.11
46 silly currentTree +-- validate-npm-package-license@3.0.1
46 silly currentTree +-- verror@1.3.6
46 silly currentTree +-- walker@1.0.7
46 silly currentTree +-- watch@0.10.0
46 silly currentTree +-- webidl-conversions@4.0.1
46 silly currentTree +-- whatwg-encoding@1.0.1
46 silly currentTree +-- whatwg-url@4.4.0
46 silly currentTree | `-- webidl-conversions@3.0.1
46 silly currentTree +-- which-module@1.0.0
46 silly currentTree +-- which@1.2.12
46 silly currentTree +-- window-size@0.2.0
46 silly currentTree +-- wordwrap@1.0.0
46 silly currentTree +-- worker-farm@1.3.1
46 silly currentTree +-- wrap-ansi@2.1.0
46 silly currentTree +-- wrappy@1.0.2
46 silly currentTree +-- write@0.2.1
46 silly currentTree +-- xml-name-validator@2.0.1
46 silly currentTree +-- xregexp@3.1.1
46 silly currentTree +-- xtend@4.0.1
46 silly currentTree +-- y18n@3.2.1
46 silly currentTree +-- yargs-parser@2.4.1
46 silly currentTree `-- yargs@4.8.1
47 silly idealTree jpeg-to-text@0.0.1
47 silly idealTree +-- abab@1.0.3
47 silly idealTree +-- acorn-globals@3.1.0
47 silly idealTree +-- acorn-jsx@3.0.1
47 silly idealTree | `-- acorn@3.3.0
47 silly idealTree +-- acorn@4.0.4
47 silly idealTree +-- ajv-keywords@1.5.1
47 silly idealTree +-- ajv@4.11.3
47 silly idealTree +-- align-text@0.1.4
47 silly idealTree +-- amdefine@1.0.1
47 silly idealTree +-- ansi-escapes@1.4.0
47 silly idealTree +-- ansi-regex@2.1.1
47 silly idealTree +-- ansi-styles@2.2.1
47 silly idealTree +-- any-promise@1.3.0
47 silly idealTree +-- anymatch@1.3.0
47 silly idealTree +-- append-transform@0.4.0
47 silly idealTree +-- argparse@1.0.9
47 silly idealTree +-- arr-diff@2.0.0
47 silly idealTree +-- arr-flatten@1.0.1
47 silly idealTree +-- array-equal@1.0.0
47 silly idealTree +-- array-union@1.0.2
47 silly idealTree +-- array-uniq@1.0.3
47 silly idealTree +-- array-unique@0.2.1
47 silly idealTree +-- arrify@1.0.1
47 silly idealTree +-- asn1@0.2.3
47 silly idealTree +-- assert-plus@0.2.0
47 silly idealTree +-- async-each@1.0.1
47 silly idealTree +-- async@2.1.5
47 silly idealTree +-- asynckit@0.4.0
47 silly idealTree +-- aws-sign2@0.6.0
47 silly idealTree +-- aws4@1.6.0
47 silly idealTree +-- babel-cli@6.23.0
47 silly idealTree +-- babel-code-frame@6.22.0
47 silly idealTree +-- babel-core@6.23.1
47 silly idealTree +-- babel-eslint@7.1.1
47 silly idealTree +-- babel-generator@6.23.0
47 silly idealTree +-- babel-helper-bindify-decorators@6.22.0
47 silly idealTree +-- babel-helper-builder-binary-assignment-operator-visitor@6.22.0
47 silly idealTree +-- babel-helper-call-delegate@6.22.0
47 silly idealTree +-- babel-helper-define-map@6.23.0
47 silly idealTree +-- babel-helper-explode-assignable-expression@6.22.0
47 silly idealTree +-- babel-helper-explode-class@6.22.0
47 silly idealTree +-- babel-helper-function-name@6.23.0
47 silly idealTree +-- babel-helper-get-function-arity@6.22.0
47 silly idealTree +-- babel-helper-hoist-variables@6.22.0
47 silly idealTree +-- babel-helper-optimise-call-expression@6.23.0
47 silly idealTree +-- babel-helper-regex@6.22.0
47 silly idealTree +-- babel-helper-remap-async-to-generator@6.22.0
47 silly idealTree +-- babel-helper-replace-supers@6.23.0
47 silly idealTree +-- babel-helpers@6.23.0
47 silly idealTree +-- babel-jest@19.0.0
47 silly idealTree +-- babel-messages@6.23.0
47 silly idealTree +-- babel-plugin-check-es2015-constants@6.22.0
47 silly idealTree +-- babel-plugin-istanbul@4.0.0
47 silly idealTree | `-- find-up@2.1.0
47 silly idealTree +-- babel-plugin-jest-hoist@19.0.0
47 silly idealTree +-- babel-plugin-syntax-async-functions@6.13.0
47 silly idealTree +-- babel-plugin-syntax-async-generators@6.13.0
47 silly idealTree +-- babel-plugin-syntax-class-constructor-call@6.18.0
47 silly idealTree +-- babel-plugin-syntax-class-properties@6.13.0
47 silly idealTree +-- babel-plugin-syntax-decorators@6.13.0
47 silly idealTree +-- babel-plugin-syntax-do-expressions@6.13.0
47 silly idealTree +-- babel-plugin-syntax-dynamic-import@6.18.0
47 silly idealTree +-- babel-plugin-syntax-exponentiation-operator@6.13.0
47 silly idealTree +-- babel-plugin-syntax-export-extensions@6.13.0
47 silly idealTree +-- babel-plugin-syntax-flow@6.18.0
47 silly idealTree +-- babel-plugin-syntax-function-bind@6.13.0
47 silly idealTree +-- babel-plugin-syntax-object-rest-spread@6.13.0
47 silly idealTree +-- babel-plugin-syntax-trailing-function-commas@6.22.0
47 silly idealTree +-- babel-plugin-transform-async-generator-functions@6.22.0
47 silly idealTree +-- babel-plugin-transform-async-to-generator@6.22.0
47 silly idealTree +-- babel-plugin-transform-class-constructor-call@6.22.0
47 silly idealTree +-- babel-plugin-transform-class-properties@6.23.0
47 silly idealTree +-- babel-plugin-transform-decorators@6.22.0
47 silly idealTree +-- babel-plugin-transform-do-expressions@6.22.0
47 silly idealTree +-- babel-plugin-transform-es2015-arrow-functions@6.22.0
47 silly idealTree +-- babel-plugin-transform-es2015-block-scoped-functions@6.22.0
47 silly idealTree +-- babel-plugin-transform-es2015-block-scoping@6.23.0
47 silly idealTree +-- babel-plugin-transform-es2015-classes@6.23.0
47 silly idealTree +-- babel-plugin-transform-es2015-computed-properties@6.22.0
47 silly idealTree +-- babel-plugin-transform-es2015-destructuring@6.23.0
47 silly idealTree +-- babel-plugin-transform-es2015-duplicate-keys@6.22.0
47 silly idealTree +-- babel-plugin-transform-es2015-for-of@6.23.0
47 silly idealTree +-- babel-plugin-transform-es2015-function-name@6.22.0
47 silly idealTree +-- babel-plugin-transform-es2015-literals@6.22.0
47 silly idealTree +-- babel-plugin-transform-es2015-modules-amd@6.22.0
47 silly idealTree +-- babel-plugin-transform-es2015-modules-commonjs@6.23.0
47 silly idealTree +-- babel-plugin-transform-es2015-modules-systemjs@6.23.0
47 silly idealTree +-- babel-plugin-transform-es2015-modules-umd@6.23.0
47 silly idealTree +-- babel-plugin-transform-es2015-object-super@6.22.0
47 silly idealTree +-- babel-plugin-transform-es2015-parameters@6.23.0
47 silly idealTree +-- babel-plugin-transform-es2015-shorthand-properties@6.22.0
47 silly idealTree +-- babel-plugin-transform-es2015-spread@6.22.0
47 silly idealTree +-- babel-plugin-transform-es2015-sticky-regex@6.22.0
47 silly idealTree +-- babel-plugin-transform-es2015-template-literals@6.22.0
47 silly idealTree +-- babel-plugin-transform-es2015-typeof-symbol@6.23.0
47 silly idealTree +-- babel-plugin-transform-es2015-unicode-regex@6.22.0
47 silly idealTree +-- babel-plugin-transform-exponentiation-operator@6.22.0
47 silly idealTree +-- babel-plugin-transform-export-extensions@6.22.0
47 silly idealTree +-- babel-plugin-transform-flow-strip-types@6.22.0
47 silly idealTree +-- babel-plugin-transform-function-bind@6.22.0
47 silly idealTree +-- babel-plugin-transform-object-rest-spread@6.23.0
47 silly idealTree +-- babel-plugin-transform-regenerator@6.22.0
47 silly idealTree +-- babel-plugin-transform-runtime@6.23.0
47 silly idealTree +-- babel-plugin-transform-strict-mode@6.22.0
47 silly idealTree +-- babel-polyfill@6.23.0
47 silly idealTree +-- babel-preset-env@1.1.8
47 silly idealTree +-- babel-preset-jest@19.0.0
47 silly idealTree +-- babel-preset-stage-0@6.22.0
47 silly idealTree +-- babel-preset-stage-1@6.22.0
47 silly idealTree +-- babel-preset-stage-2@6.22.0
47 silly idealTree +-- babel-preset-stage-3@6.22.0
47 silly idealTree +-- babel-register@6.23.0
47 silly idealTree +-- babel-runtime@6.23.0
47 silly idealTree +-- babel-template@6.23.0
47 silly idealTree +-- babel-traverse@6.23.1
47 silly idealTree +-- babel-types@6.23.0
47 silly idealTree +-- babylon@6.15.0
47 silly idealTree +-- balanced-match@0.4.2
47 silly idealTree +-- bcrypt-pbkdf@1.0.1
47 silly idealTree +-- binary-extensions@1.8.0
47 silly idealTree +-- bluebird@3.4.7
47 silly idealTree +-- boom@2.10.1
47 silly idealTree +-- brace-expansion@1.1.6
47 silly idealTree +-- braces@1.8.5
47 silly idealTree +-- browser-resolve@1.11.2
47 silly idealTree | `-- resolve@1.1.7
47 silly idealTree +-- browserslist@1.7.4
47 silly idealTree +-- bser@2.0.0
47 silly idealTree +-- buffer-shims@1.0.0
47 silly idealTree +-- builtin-modules@1.1.1
47 silly idealTree +-- caller-path@0.1.0
47 silly idealTree +-- callsites@0.2.0
47 silly idealTree +-- camelcase@3.0.0
47 silly idealTree +-- caniuse-db@1.0.30000624
47 silly idealTree +-- caseless@0.11.0
47 silly idealTree +-- center-align@0.1.3
47 silly idealTree +-- chalk@1.1.3
47 silly idealTree +-- charenc@0.0.2
47 silly idealTree +-- chokidar@1.6.1
47 silly idealTree +-- ci-info@1.0.0
47 silly idealTree +-- circular-json@0.3.1
47 silly idealTree +-- cli-cursor@1.0.2
47 silly idealTree +-- cli-width@2.1.0
47 silly idealTree +-- cliui@3.2.0
47 silly idealTree +-- co@4.6.0
47 silly idealTree +-- code-point-at@1.1.0
47 silly idealTree +-- color-convert@1.9.0
47 silly idealTree +-- color-name@1.1.1
47 silly idealTree +-- colors@1.1.2
47 silly idealTree +-- combined-stream@1.0.5
47 silly idealTree +-- commander@2.9.0
47 silly idealTree +-- concat-map@0.0.1
47 silly idealTree +-- concat-stream@1.6.0
47 silly idealTree +-- contains-path@0.1.0
47 silly idealTree +-- content-type-parser@1.0.1
47 silly idealTree +-- convert-source-map@1.4.0
47 silly idealTree +-- core-js@2.4.1
47 silly idealTree +-- core-util-is@1.0.2
47 silly idealTree +-- crypt@0.0.2
47 silly idealTree +-- cryptiles@2.0.5
47 silly idealTree +-- cssom@0.3.2
47 silly idealTree +-- cssstyle@0.2.37
47 silly idealTree +-- d@0.1.1
47 silly idealTree +-- dashdash@1.14.1
47 silly idealTree | `-- assert-plus@1.0.0
47 silly idealTree +-- debug@2.6.1
47 silly idealTree +-- decamelize@1.2.0
47 silly idealTree +-- deep-is@0.1.3
47 silly idealTree +-- default-require-extensions@1.0.0
47 silly idealTree | `-- strip-bom@2.0.0
47 silly idealTree +-- del@2.2.2
47 silly idealTree +-- delayed-stream@1.0.0
47 silly idealTree +-- detect-indent@4.0.0
47 silly idealTree +-- diff@3.2.0
47 silly idealTree +-- doctrine@1.5.0
47 silly idealTree +-- ecc-jsbn@0.1.1
47 silly idealTree +-- electron-to-chromium@1.2.2
47 silly idealTree +-- errno@0.1.4
47 silly idealTree +-- error-ex@1.3.0
47 silly idealTree +-- es5-ext@0.10.12
47 silly idealTree +-- es6-iterator@2.0.0
47 silly idealTree +-- es6-map@0.1.4
47 silly idealTree +-- es6-set@0.1.4
47 silly idealTree +-- es6-symbol@3.1.0
47 silly idealTree +-- es6-weak-map@2.0.1
47 silly idealTree +-- escape-string-regexp@1.0.5
47 silly idealTree +-- escodegen@1.8.1
47 silly idealTree | +-- esprima@2.7.3
47 silly idealTree | +-- estraverse@1.9.3
47 silly idealTree | `-- source-map@0.2.0
47 silly idealTree +-- escope@3.6.0
47 silly idealTree +-- eslint-config-airbnb-base@11.1.0
47 silly idealTree +-- eslint-config-airbnb@14.1.0
47 silly idealTree +-- eslint-import-resolver-node@0.2.3
47 silly idealTree +-- eslint-module-utils@2.0.0
47 silly idealTree | +-- debug@2.2.0
47 silly idealTree | `-- ms@0.7.1
47 silly idealTree +-- eslint-plugin-flowtype@2.30.0
47 silly idealTree +-- eslint-plugin-import@2.2.0
47 silly idealTree +-- eslint@3.16.0
47 silly idealTree | `-- user-home@2.0.0
47 silly idealTree +-- espree@3.4.0
47 silly idealTree +-- esprima@3.1.3
47 silly idealTree +-- esrecurse@4.1.0
47 silly idealTree | `-- estraverse@4.1.1
47 silly idealTree +-- estraverse@4.2.0
47 silly idealTree +-- esutils@2.0.2
47 silly idealTree +-- event-emitter@0.3.4
47 silly idealTree +-- exec-sh@0.2.0
47 silly idealTree +-- exit-hook@1.1.1
47 silly idealTree +-- expand-brackets@0.1.5
47 silly idealTree +-- expand-range@1.8.2
47 silly idealTree +-- extend@3.0.0
47 silly idealTree +-- extglob@0.3.2
47 silly idealTree +-- extsprintf@1.0.2
47 silly idealTree +-- fast-levenshtein@2.0.6
47 silly idealTree +-- fb-watchman@2.0.0
47 silly idealTree +-- figures@1.7.0
47 silly idealTree +-- file-entry-cache@2.0.0
47 silly idealTree +-- filename-regex@2.0.0
47 silly idealTree +-- fileset@2.0.3
47 silly idealTree +-- fill-range@2.2.3
47 silly idealTree +-- find-up@1.1.2
47 silly idealTree +-- flat-cache@1.2.2
47 silly idealTree +-- flow-bin@0.39.0
47 silly idealTree +-- flow-typed@2.0.0
47 silly idealTree | +-- rx-lite@4.0.8
47 silly idealTree | `-- table@3.7.8
47 silly idealTree +-- for-in@0.1.6
47 silly idealTree +-- for-own@0.1.4
47 silly idealTree +-- forever-agent@0.6.1
47 silly idealTree +-- form-data@2.1.2
47 silly idealTree +-- fs-readdir-recursive@1.0.0
47 silly idealTree +-- fs.realpath@1.0.0
47 silly idealTree +-- function-bind@1.1.0
47 silly idealTree +-- generate-function@2.0.0
47 silly idealTree +-- generate-object-property@1.2.0
47 silly idealTree +-- get-caller-file@1.0.2
47 silly idealTree +-- getpass@0.1.6
47 silly idealTree | `-- assert-plus@1.0.0
47 silly idealTree +-- github@0.2.4
47 silly idealTree +-- glob-base@0.3.0
47 silly idealTree +-- glob-parent@2.0.0
47 silly idealTree +-- glob@7.1.1
47 silly idealTree +-- globals@9.16.0
47 silly idealTree +-- globby@5.0.0
47 silly idealTree +-- graceful-fs@4.1.11
47 silly idealTree +-- graceful-readlink@1.0.1
47 silly idealTree +-- growly@1.3.0
47 silly idealTree +-- handlebars@4.0.6
47 silly idealTree | +-- async@1.5.2
47 silly idealTree | `-- source-map@0.4.4
47 silly idealTree +-- har-validator@2.0.6
47 silly idealTree +-- has-ansi@2.0.0
47 silly idealTree +-- has-flag@1.0.0
47 silly idealTree +-- has@1.0.1
47 silly idealTree +-- hawk@3.1.3
47 silly idealTree +-- hoek@2.16.3
47 silly idealTree +-- home-or-tmp@2.0.0
47 silly idealTree +-- hosted-git-info@2.2.0
47 silly idealTree +-- html-encoding-sniffer@1.0.1
47 silly idealTree +-- http-signature@1.1.1
47 silly idealTree +-- iconv-lite@0.4.13
47 silly idealTree +-- ignore@3.2.4
47 silly idealTree +-- imurmurhash@0.1.4
47 silly idealTree +-- inflight@1.0.6
47 silly idealTree +-- inherits@2.0.3
47 silly idealTree +-- ini@1.3.4
47 silly idealTree +-- inquirer@0.12.0
47 silly idealTree +-- interpret@1.0.1
47 silly idealTree +-- invariant@2.2.2
47 silly idealTree +-- invert-kv@1.0.0
47 silly idealTree +-- is-arrayish@0.2.1
47 silly idealTree +-- is-binary-path@1.0.1
47 silly idealTree +-- is-buffer@1.1.4
47 silly idealTree +-- is-builtin-module@1.0.0
47 silly idealTree +-- is-ci@1.0.10
47 silly idealTree +-- is-dotfile@1.0.2
47 silly idealTree +-- is-equal-shallow@0.1.3
47 silly idealTree +-- is-extendable@0.1.1
47 silly idealTree +-- is-extglob@1.0.0
47 silly idealTree +-- is-finite@1.0.2
47 silly idealTree +-- is-fullwidth-code-point@1.0.0
47 silly idealTree +-- is-glob@2.0.1
47 silly idealTree +-- is-my-json-valid@2.15.0
47 silly idealTree +-- is-number@2.1.0
47 silly idealTree +-- is-path-cwd@1.0.0
47 silly idealTree +-- is-path-in-cwd@1.0.0
47 silly idealTree +-- is-path-inside@1.0.0
47 silly idealTree +-- is-posix-bracket@0.1.1
47 silly idealTree +-- is-primitive@2.0.0
47 silly idealTree +-- is-property@1.0.2
47 silly idealTree +-- is-resolvable@1.0.0
47 silly idealTree +-- is-typedarray@1.0.0
47 silly idealTree +-- is-utf8@0.2.1
47 silly idealTree +-- isarray@1.0.0
47 silly idealTree +-- isexe@1.1.2
47 silly idealTree +-- isobject@2.1.0
47 silly idealTree +-- isstream@0.1.2
47 silly idealTree +-- istanbul-api@1.1.1
47 silly idealTree +-- istanbul-lib-coverage@1.0.1
47 silly idealTree +-- istanbul-lib-hook@1.0.0
47 silly idealTree +-- istanbul-lib-instrument@1.4.2
47 silly idealTree +-- istanbul-lib-report@1.0.0-alpha.3
47 silly idealTree | +-- async@1.5.2
47 silly idealTree | `-- supports-color@3.2.3
47 silly idealTree +-- istanbul-lib-source-maps@1.1.0
47 silly idealTree +-- istanbul-reports@1.0.1
47 silly idealTree +-- jest-changed-files@19.0.0
47 silly idealTree +-- jest-config@19.0.0
47 silly idealTree +-- jest-diff@19.0.0
47 silly idealTree +-- jest-environment-jsdom@19.0.0
47 silly idealTree +-- jest-environment-node@19.0.0
47 silly idealTree +-- jest-file-exists@19.0.0
47 silly idealTree +-- jest-haste-map@19.0.0
47 silly idealTree +-- jest-jasmine2@19.0.0
47 silly idealTree +-- jest-matcher-utils@19.0.0
47 silly idealTree +-- jest-matchers@19.0.0
47 silly idealTree +-- jest-message-util@19.0.0
47 silly idealTree +-- jest-mock@19.0.0
47 silly idealTree +-- jest-regex-util@19.0.0
47 silly idealTree +-- jest-resolve-dependencies@19.0.0
47 silly idealTree +-- jest-resolve@19.0.0
47 silly idealTree +-- jest-runtime@19.0.0
47 silly idealTree | +-- yargs-parser@4.2.1
47 silly idealTree | `-- yargs@6.6.0
47 silly idealTree +-- jest-snapshot@19.0.0
47 silly idealTree +-- jest-util@19.0.0
47 silly idealTree +-- jest-validate@19.0.0
47 silly idealTree +-- jest@19.0.0
47 silly idealTree | +-- callsites@2.0.0
47 silly idealTree | +-- jest-cli@19.0.0
47 silly idealTree | +-- yargs-parser@4.2.1
47 silly idealTree | `-- yargs@6.6.0
47 silly idealTree +-- jodid25519@1.0.2
47 silly idealTree +-- jpeg-js@0.2.0
47 silly idealTree +-- js-tokens@3.0.1
47 silly idealTree +-- js-yaml@3.8.1
47 silly idealTree +-- jsbn@0.1.1
47 silly idealTree +-- jsdom@9.11.0
47 silly idealTree +-- jsesc@1.3.0
47 silly idealTree +-- json-schema@0.2.3
47 silly idealTree +-- json-stable-stringify@1.0.1
47 silly idealTree +-- json-stringify-safe@5.0.1
47 silly idealTree +-- json5@0.5.1
47 silly idealTree +-- jsonify@0.0.0
47 silly idealTree +-- jsonpointer@4.0.1
47 silly idealTree +-- jsprim@1.3.1
47 silly idealTree +-- kind-of@3.1.0
47 silly idealTree +-- lazy-cache@1.0.4
47 silly idealTree +-- lcid@1.0.0
47 silly idealTree +-- leven@2.1.0
47 silly idealTree +-- levn@0.3.0
47 silly idealTree +-- load-json-file@1.1.0
47 silly idealTree | `-- strip-bom@2.0.0
47 silly idealTree +-- locate-path@2.0.0
47 silly idealTree | `-- path-exists@3.0.0
47 silly idealTree +-- lodash.assign@4.2.0
47 silly idealTree +-- lodash.cond@4.5.2
47 silly idealTree +-- lodash.pickby@4.6.0
47 silly idealTree +-- lodash@4.17.4
47 silly idealTree +-- longest@1.0.1
47 silly idealTree +-- loose-envify@1.3.1
47 silly idealTree +-- makeerror@1.0.11
47 silly idealTree +-- md5@2.2.1
47 silly idealTree +-- merge@1.2.0
47 silly idealTree +-- micromatch@2.3.11
47 silly idealTree +-- mime-db@1.26.0
47 silly idealTree +-- mime-types@2.1.14
47 silly idealTree +-- mime@1.3.4
47 silly idealTree +-- minimatch@3.0.3
47 silly idealTree +-- minimist@0.0.8
47 silly idealTree +-- mkdirp@0.5.1
47 silly idealTree +-- ms@0.7.2
47 silly idealTree +-- mute-stream@0.0.5
47 silly idealTree +-- mz@2.6.0
47 silly idealTree +-- natural-compare@1.4.0
47 silly idealTree +-- node-int64@0.4.0
47 silly idealTree +-- node-notifier@5.0.2
47 silly idealTree +-- normalize-package-data@2.3.5
47 silly idealTree +-- normalize-path@2.0.1
47 silly idealTree +-- number-is-nan@1.0.1
47 silly idealTree +-- nwmatcher@1.3.9
47 silly idealTree +-- oauth-sign@0.8.2
47 silly idealTree +-- object-assign@4.1.1
47 silly idealTree +-- object.omit@2.0.1
47 silly idealTree +-- once@1.4.0
47 silly idealTree +-- onetime@1.1.0
47 silly idealTree +-- optimist@0.6.1
47 silly idealTree | `-- wordwrap@0.0.3
47 silly idealTree +-- optionator@0.8.2
47 silly idealTree +-- os-homedir@1.0.2
47 silly idealTree +-- os-locale@1.4.0
47 silly idealTree +-- os-tmpdir@1.0.2
47 silly idealTree +-- output-file-sync@1.1.2
47 silly idealTree +-- p-limit@1.1.0
47 silly idealTree +-- p-locate@2.0.0
47 silly idealTree +-- parse-glob@3.0.4
47 silly idealTree +-- parse-json@2.2.0
47 silly idealTree +-- parse5@1.5.1
47 silly idealTree +-- path-exists@2.1.0
47 silly idealTree +-- path-is-absolute@1.0.1
47 silly idealTree +-- path-is-inside@1.0.2
47 silly idealTree +-- path-parse@1.0.5
47 silly idealTree +-- path-type@1.1.0
47 silly idealTree +-- pify@2.3.0
47 silly idealTree +-- pinkie-promise@2.0.1
47 silly idealTree +-- pinkie@2.0.4
47 silly idealTree +-- pkg-dir@1.0.0
47 silly idealTree +-- pkg-up@1.0.0
47 silly idealTree +-- pluralize@1.2.1
47 silly idealTree +-- prelude-ls@1.1.2
47 silly idealTree +-- preserve@0.2.0
47 silly idealTree +-- pretty-format@19.0.0
47 silly idealTree | `-- ansi-styles@3.0.0
47 silly idealTree +-- private@0.1.7
47 silly idealTree +-- process-nextick-args@1.0.7
47 silly idealTree +-- progress@1.1.8
47 silly idealTree +-- prr@0.0.0
47 silly idealTree +-- punycode@1.4.1
47 silly idealTree +-- qs@6.3.1
47 silly idealTree +-- randomatic@1.1.6
47 silly idealTree +-- read-pkg-up@1.0.1
47 silly idealTree +-- read-pkg@1.1.0
47 silly idealTree +-- readable-stream@2.2.3
47 silly idealTree +-- readdirp@2.1.0
47 silly idealTree +-- readline-sync@1.4.6
47 silly idealTree +-- readline2@1.0.1
47 silly idealTree +-- rechoir@0.6.2
47 silly idealTree +-- regenerate@1.3.2
47 silly idealTree +-- regenerator-runtime@0.10.3
47 silly idealTree +-- regenerator-transform@0.9.8
47 silly idealTree +-- regex-cache@0.4.3
47 silly idealTree +-- regexpu-core@2.0.0
47 silly idealTree +-- regjsgen@0.2.0
47 silly idealTree +-- regjsparser@0.1.5
47 silly idealTree | `-- jsesc@0.5.0
47 silly idealTree +-- repeat-element@1.1.2
47 silly idealTree +-- repeat-string@1.6.1
47 silly idealTree +-- repeating@2.0.1
47 silly idealTree +-- request@2.79.0
47 silly idealTree +-- require-directory@2.1.1
47 silly idealTree +-- require-main-filename@1.0.1
47 silly idealTree +-- require-uncached@1.0.3
47 silly idealTree +-- resolve-from@1.0.1
47 silly idealTree +-- resolve@1.2.0
47 silly idealTree +-- restore-cursor@1.0.1
47 silly idealTree +-- right-align@0.1.3
47 silly idealTree +-- rimraf@2.6.0
47 silly idealTree +-- run-async@0.1.0
47 silly idealTree +-- rx-lite@3.1.2
47 silly idealTree +-- sane@1.5.0
47 silly idealTree | +-- bser@1.0.2
47 silly idealTree | +-- fb-watchman@1.9.2
47 silly idealTree | `-- minimist@1.2.0
47 silly idealTree +-- sax@1.2.2
47 silly idealTree +-- semver@5.3.0
47 silly idealTree +-- set-blocking@2.0.0
47 silly idealTree +-- set-immediate-shim@1.0.1
47 silly idealTree +-- shelljs@0.7.6
47 silly idealTree +-- shellwords@0.1.0
47 silly idealTree +-- slash@1.0.0
47 silly idealTree +-- slice-ansi@0.0.4
47 silly idealTree +-- sntp@1.0.9
47 silly idealTree +-- source-map-support@0.4.11
47 silly idealTree +-- source-map@0.5.6
47 silly idealTree +-- spdx-correct@1.0.2
47 silly idealTree +-- spdx-expression-parse@1.0.4
47 silly idealTree +-- spdx-license-ids@1.2.2
47 silly idealTree +-- sprintf-js@1.0.3
47 silly idealTree +-- sshpk@1.10.2
47 silly idealTree | `-- assert-plus@1.0.0
47 silly idealTree +-- string_decoder@0.10.31
47 silly idealTree +-- string-length@1.0.1
47 silly idealTree +-- string-width@1.0.2
47 silly idealTree +-- stringstream@0.0.5
47 silly idealTree +-- strip-ansi@3.0.1
47 silly idealTree +-- strip-bom@3.0.0
47 silly idealTree +-- strip-json-comments@2.0.1
47 silly idealTree +-- supports-color@2.0.0
47 silly idealTree +-- symbol-tree@3.2.2
47 silly idealTree +-- table@3.8.3
47 silly idealTree | +-- is-fullwidth-code-point@2.0.0
47 silly idealTree | `-- string-width@2.0.0
47 silly idealTree +-- test-exclude@4.0.0
47 silly idealTree +-- text-table@0.2.0
47 silly idealTree +-- thenify-all@1.6.0
47 silly idealTree +-- thenify@3.2.1
47 silly idealTree +-- throat@3.0.0
47 silly idealTree +-- through@2.3.8
47 silly idealTree +-- tmpl@1.0.4
47 silly idealTree +-- to-fast-properties@1.0.2
47 silly idealTree +-- tough-cookie@2.3.2
47 silly idealTree +-- tr46@0.0.3
47 silly idealTree +-- trim-right@1.0.1
47 silly idealTree +-- tryit@1.0.3
47 silly idealTree +-- tunnel-agent@0.4.3
47 silly idealTree +-- tv4@1.2.7
47 silly idealTree +-- tweetnacl@0.14.5
47 silly idealTree +-- type-check@0.3.2
47 silly idealTree +-- typedarray@0.0.6
47 silly idealTree +-- uglify-js@2.7.5
47 silly idealTree | +-- async@0.2.10
47 silly idealTree | +-- camelcase@1.2.1
47 silly idealTree | +-- cliui@2.1.0
47 silly idealTree | +-- window-size@0.1.0
47 silly idealTree | +-- wordwrap@0.0.2
47 silly idealTree | `-- yargs@3.10.0
47 silly idealTree +-- uglify-to-browserify@1.0.2
47 silly idealTree +-- user-home@1.1.1
47 silly idealTree +-- util-deprecate@1.0.2
47 silly idealTree +-- uuid@3.0.1
47 silly idealTree +-- v8flags@2.0.11
47 silly idealTree +-- validate-npm-package-license@3.0.1
47 silly idealTree +-- verror@1.3.6
47 silly idealTree +-- walker@1.0.7
47 silly idealTree +-- watch@0.10.0
47 silly idealTree +-- webidl-conversions@4.0.1
47 silly idealTree +-- whatwg-encoding@1.0.1
47 silly idealTree +-- whatwg-url@4.4.0
47 silly idealTree | `-- webidl-conversions@3.0.1
47 silly idealTree +-- which-module@1.0.0
47 silly idealTree +-- which@1.2.12
47 silly idealTree +-- window-size@0.2.0
47 silly idealTree +-- wordwrap@1.0.0
47 silly idealTree +-- worker-farm@1.3.1
47 silly idealTree +-- wrap-ansi@2.1.0
47 silly idealTree +-- wrappy@1.0.2
47 silly idealTree +-- write@0.2.1
47 silly idealTree +-- xml-name-validator@2.0.1
47 silly idealTree +-- xregexp@3.1.1
47 silly idealTree +-- xtend@4.0.1
47 silly idealTree +-- y18n@3.2.1
47 silly idealTree +-- yargs-parser@2.4.1
47 silly idealTree `-- yargs@4.8.1
48 silly generateActionsToTake Starting
49 silly install generateActionsToTake
50 silly generateActionsToTake Finishing
51 silly diffTrees action count 0
52 silly decomposeActions action count 0
53 silly executeActions Starting
54 silly install executeActions
55 silly doSerial global-install 0
56 silly doParallel fetch 0
57 verbose correctMkdir C:\Users\User\AppData\Roaming\npm-cache\_locks correctMkdir not in flight; initializing
58 verbose lock using C:\Users\User\AppData\Roaming\npm-cache\_locks\staging-599023e1f5b82695.lock for D:\hexlet\projects\jpeg-to-text\node_modules\.staging
59 silly doParallel extract 0
60 silly doParallel preinstall 0
61 silly doReverseSerial remove 0
62 silly doSerial move 0
63 silly doSerial finalize 0
64 silly doSerial build 0
65 silly doSerial global-link 0
66 silly doParallel update-linked 0
67 silly doSerial install 0
68 silly doSerial postinstall 0
69 verbose unlock done using C:\Users\User\AppData\Roaming\npm-cache\_locks\staging-599023e1f5b82695.lock for D:\hexlet\projects\jpeg-to-text\node_modules\.staging
70 silly executeActions Finishing
71 silly rollbackFailedOptional Starting
72 silly rollbackFailedOptional Finishing
73 silly runTopLevelLifecycles Starting
74 silly install runTopLevelLifecycles
75 silly preinstall jpeg-to-text@0.0.1 D:\hexlet\projects\jpeg-to-text\jpeg-to-text-c85a2b22
76 info lifecycle jpeg-to-text@0.0.1~preinstall: jpeg-to-text@0.0.1
77 silly lifecycle jpeg-to-text@0.0.1~preinstall: no script for preinstall, continuing
78 silly build jpeg-to-text@0.0.1
79 info linkStuff jpeg-to-text@0.0.1
80 silly linkStuff jpeg-to-text@0.0.1 has D:\hexlet\projects as its parent node_modules
81 verbose linkBins jpeg-to-text@0.0.1
82 verbose linkMans jpeg-to-text@0.0.1
83 silly install jpeg-to-text@0.0.1 D:\hexlet\projects\jpeg-to-text\jpeg-to-text-c85a2b22
84 info lifecycle jpeg-to-text@0.0.1~install: jpeg-to-text@0.0.1
85 silly lifecycle jpeg-to-text@0.0.1~install: no script for install, continuing
86 silly postinstall jpeg-to-text@0.0.1 D:\hexlet\projects\jpeg-to-text\jpeg-to-text-c85a2b22
87 info lifecycle jpeg-to-text@0.0.1~postinstall: jpeg-to-text@0.0.1
88 silly lifecycle jpeg-to-text@0.0.1~postinstall: no script for postinstall, continuing
89 silly prepublish jpeg-to-text@0.0.1 D:\hexlet\projects\jpeg-to-text\jpeg-to-text-c85a2b22
90 info lifecycle jpeg-to-text@0.0.1~prepublish: jpeg-to-text@0.0.1
91 verbose lifecycle jpeg-to-text@0.0.1~prepublish: unsafe-perm in lifecycle true
92 verbose lifecycle jpeg-to-text@0.0.1~prepublish: PATH: C:\Program Files\nodejs\node_modules\npm\bin\node-gyp-bin;D:\hexlet\projects\jpeg-to-text\node_modules\.bin;C:\Program Files\nodejs;C:\Program Files\ConEmu\ConEmu\Scripts;C:\Program Files\ConEmu;C:\Program Files\ConEmu\ConEmu;C:\Program Files\Haskell\bin;C:\Program Files\Haskell Platform\2014.2.0.0\lib\extralibs\bin;C:\Program Files\Haskell Platform\2014.2.0.0\bin;C:\Windows\system32;C:\Windows;C:\Windows\System32\Wbem;C:\Windows\System32\WindowsPowerShell\v1.0\;C:\Program Files\nodejs\;C:\exercism;C:\ProgramData\chocolatey\bin;C:\HashiCorp\Vagrant\bin;C:\Program Files\Git\cmd;C:\Program Files\Haskell Platform\2014.2.0.0\mingw\bin;C:\Users\User\AppData\Roaming\cabal\bin;C:\Users\User\AppData\Roaming\npm;C:\Program Files\Oracle\VirtualBox;C:\Users\User\AppData\Local\atom\bin
93 verbose lifecycle jpeg-to-text@0.0.1~prepublish: CWD: D:\hexlet\projects\jpeg-to-text
94 silly lifecycle jpeg-to-text@0.0.1~prepublish: Args: [ '/d /s /c', 'npm run build' ]
95 silly lifecycle jpeg-to-text@0.0.1~prepublish: Returned: code: 1  signal: null
96 info lifecycle jpeg-to-text@0.0.1~prepublish: Failed to exec prepublish script
97 warn optional Skipping failed optional dependency /chokidar/fsevents:
98 warn notsup Not compatible with your operating system or architecture: fsevents@1.1.1
99 warn eslint-config-airbnb@14.1.0 requires a peer of eslint-plugin-jsx-a11y@^3.0.2 || ^4.0.0 but none was installed.
100 warn eslint-config-airbnb@14.1.0 requires a peer of eslint-plugin-react@^6.9.0 but none was installed.
101 warn jpeg-to-text@0.0.1 No description
102 verbose stack Error: jpeg-to-text@0.0.1 prepublish: `npm run build`
102 verbose stack Exit status 1
102 verbose stack     at EventEmitter.<anonymous> (C:\Program Files\nodejs\node_modules\npm\lib\utils\lifecycle.js:245:16)
102 verbose stack     at emitTwo (events.js:106:13)
102 verbose stack     at EventEmitter.emit (events.js:191:7)
102 verbose stack     at ChildProcess.<anonymous> (C:\Program Files\nodejs\node_modules\npm\lib\utils\spawn.js:24:14)
102 verbose stack     at emitTwo (events.js:106:13)
102 verbose stack     at ChildProcess.emit (events.js:191:7)
102 verbose stack     at maybeClose (internal/child_process.js:850:16)
102 verbose stack     at Process.ChildProcess._handle.onexit (internal/child_process.js:215:5)
103 verbose pkgid jpeg-to-text@0.0.1
104 verbose cwd D:\hexlet\projects\jpeg-to-text
105 error Windows_NT 6.1.7601
106 error argv "C:\\Program Files\\nodejs\\node.exe" "C:\\Program Files\\nodejs\\node_modules\\npm\\bin\\npm-cli.js" "link"
107 error node v6.2.0
108 error npm  v3.8.9
109 error code ELIFECYCLE
110 error jpeg-to-text@0.0.1 prepublish: `npm run build`
110 error Exit status 1
111 error Failed at the jpeg-to-text@0.0.1 prepublish script 'npm run build'.
111 error Make sure you have the latest version of node.js and npm installed.
111 error If you do, this is most likely a problem with the jpeg-to-text package,
111 error not with npm itself.
111 error Tell the author that this fails on your system:
111 error     npm run build
111 error You can get information on how to open an issue for this project with:
111 error     npm bugs jpeg-to-text
111 error Or if that isn't available, you can get their info via:
111 error     npm owner ls jpeg-to-text
111 error There is likely additional logging output above.
112 verbose exit [ 1, true ]
